SF:lib/features/apply_course/domain/entities/post_request_entity/billing_entity.dart
DA:10,2
DA:13,2
DA:14,2
DA:15,2
DA:16,2
DA:17,2
DA:18,2
DA:19,2
LF:8
LH:8
end_of_record
SF:lib/features/apply_course/domain/entities/post_request_entity/init_post_entity.dart
DA:14,1
DA:23,1
DA:24,2
DA:25,1
DA:26,2
DA:27,1
DA:28,1
DA:29,1
DA:30,1
LF:9
LH:9
end_of_record
SF:lib/features/apply_course/domain/entities/post_request_entity/confirm_post_entity.dart
DA:10,1
DA:17,1
DA:18,2
DA:19,1
DA:20,1
DA:21,1
DA:22,1
DA:23,1
LF:8
LH:8
end_of_record
SF:lib/features/apply_course/data/repositories/apply_form_repositories_impl.dart
DA:11,1
DA:17,1
DA:19,2
DA:20,2
DA:22,2
DA:26,1
DA:28,2
DA:29,2
DA:31,2
DA:35,1
DA:37,2
DA:38,2
DA:40,2
DA:44,1
DA:47,2
LF:15
LH:15
end_of_record
SF:lib/features/apply_course/domain/entities/get_response_entity/payment_entity.dart
DA:9,2
DA:11,2
DA:12,2
DA:13,2
DA:14,2
DA:18,2
DA:19,2
DA:20,2
DA:32,2
DA:40,2
DA:41,2
DA:43,2
DA:44,2
DA:45,2
DA:48,2
DA:49,2
LF:16
LH:16
end_of_record
SF:lib/features/apply_course/domain/entities/get_response_entity/sse_services_entity.dart
DA:23,2
DA:38,2
DA:39,2
DA:40,2
DA:41,2
DA:42,2
DA:43,2
DA:44,2
DA:47,2
DA:48,2
DA:51,2
DA:52,2
DA:55,4
DA:58,2
DA:59,2
DA:60,5
DA:63,9
DA:72,1
DA:77,1
DA:78,1
DA:79,3
DA:80,1
DA:81,1
DA:82,5
LF:24
LH:24
end_of_record
SF:lib/features/apply_course/domain/entities/get_response_entity/breakup_entity.dart
DA:7,2
DA:12,2
DA:13,2
DA:14,2
DA:15,6
LF:5
LH:5
end_of_record
SF:lib/core/connection/network_info.dart
DA:10,0
DA:12,0
DA:14,0
DA:16,0
DA:17,0
DA:18,0
LF:6
LH:0
end_of_record
SF:lib/features/apply_course/data/data_sources/apply_form_service.dart
DA:30,1
DA:32,4
DA:33,1
DA:34,1
DA:35,1
DA:37,2
DA:44,1
DA:47,2
DA:49,1
DA:50,1
DA:51,1
DA:52,2
DA:53,1
DA:56,2
DA:59,1
DA:60,1
DA:66,1
DA:67,2
DA:70,3
DA:72,2
DA:76,1
DA:79,1
DA:80,2
DA:81,1
DA:83,2
DA:85,2
DA:88,1
DA:89,1
DA:95,1
DA:96,2
DA:99,3
DA:101,2
DA:105,1
DA:108,1
DA:109,2
DA:110,1
DA:113,2
DA:115,2
DA:118,1
DA:119,1
DA:126,1
DA:127,2
DA:130,3
DA:134,2
DA:138,1
DA:143,1
DA:144,1
DA:145,1
DA:149,2
DA:150,2
DA:151,1
DA:155,1
DA:157,2
DA:159,1
DA:161,2
DA:164,1
DA:165,1
DA:166,3
DA:170,2
DA:172,2
DA:174,3
DA:175,1
DA:178,0
DA:179,0
DA:180,0
DA:183,0
DA:184,0
DA:185,0
DA:188,0
DA:190,0
DA:191,0
DA:192,0
DA:197,0
DA:199,0
DA:200,0
DA:202,0
DA:204,0
DA:205,0
DA:208,1
LF:79
LH:63
end_of_record
SF:lib/config/services/app_services.dart
DA:6,39
LF:1
LH:1
end_of_record
SF:lib/const/app_state.dart
DA:6,0
DA:8,0
DA:10,0
DA:12,0
DA:14,0
LF:5
LH:0
end_of_record
SF:lib/const/local_storage/shared_preferences_helper.dart
DA:8,0
DA:9,0
DA:15,0
DA:16,0
DA:19,0
DA:20,0
DA:23,0
DA:24,0
DA:27,0
DA:28,0
DA:31,0
DA:32,0
DA:35,0
DA:36,0
DA:39,0
DA:40,0
DA:43,0
DA:44,0
LF:18
LH:0
end_of_record
SF:lib/core/connection/refresh_token_service.dart
DA:14,0
DA:24,0
DA:31,0
DA:34,0
DA:35,0
DA:36,0
DA:44,0
DA:46,0
DA:49,0
DA:50,0
DA:51,0
DA:54,0
DA:55,0
DA:56,0
DA:58,0
DA:63,0
DA:64,0
DA:65,0
DA:66,0
DA:68,0
DA:74,0
DA:75,0
DA:77,0
DA:80,0
DA:82,0
DA:83,0
DA:84,0
DA:85,0
DA:88,0
DA:91,0
DA:92,0
DA:93,0
DA:95,0
DA:96,0
DA:97,0
DA:98,0
DA:99,0
DA:100,0
DA:101,0
DA:105,0
DA:106,0
DA:107,0
DA:111,0
DA:112,0
DA:113,0
DA:114,0
DA:115,0
DA:116,0
DA:120,0
DA:121,0
DA:122,0
DA:124,0
DA:125,0
DA:126,0
DA:131,0
DA:137,0
DA:138,0
DA:140,0
DA:142,0
DA:143,0
DA:148,0
DA:149,0
DA:150,0
DA:152,0
DA:153,0
DA:155,0
DA:156,0
DA:160,0
DA:161,0
DA:162,0
LF:70
LH:0
end_of_record
SF:lib/utils/app_utils/app_utils_media.dart
DA:5,0
DA:6,0
DA:7,0
DA:8,0
DA:9,0
DA:10,0
DA:11,0
DA:12,0
DA:13,0
DA:15,0
DA:18,0
DA:19,0
DA:20,0
DA:22,0
DA:33,0
DA:34,0
DA:36,0
DA:38,0
DA:41,0
DA:46,0
DA:47,0
DA:49,0
DA:53,0
LF:23
LH:0
end_of_record
SF:lib/utils/app_utils/app_utils.dart
DA:54,36
DA:55,12
DA:65,0
DA:66,0
DA:69,0
DA:71,0
DA:75,0
DA:76,0
DA:78,0
DA:82,11
DA:83,11
DA:84,10
DA:88,0
DA:89,0
DA:92,0
DA:94,0
DA:97,0
DA:105,0
DA:109,0
DA:116,0
DA:120,0
DA:128,0
DA:131,0
DA:132,0
DA:133,0
DA:134,0
DA:140,0
DA:143,0
DA:144,0
DA:149,0
DA:150,0
DA:153,0
DA:156,0
DA:157,0
DA:158,0
DA:159,0
DA:160,0
DA:161,0
DA:164,0
DA:166,0
DA:171,0
DA:172,0
DA:173,0
DA:176,0
DA:177,0
DA:178,0
DA:179,0
DA:180,0
DA:183,0
DA:185,0
DA:190,0
DA:191,0
DA:195,0
DA:198,0
DA:205,0
DA:206,0
DA:209,0
DA:212,0
DA:215,0
DA:218,0
DA:219,0
DA:222,0
DA:225,0
DA:226,0
DA:229,0
DA:231,0
DA:232,0
DA:234,0
DA:235,0
DA:236,0
DA:241,0
DA:242,0
DA:243,0
DA:244,0
DA:248,0
DA:251,0
DA:255,0
DA:256,0
DA:258,0
DA:259,0
DA:261,0
DA:268,0
DA:269,0
DA:271,0
DA:273,0
DA:274,0
DA:275,0
DA:276,0
DA:279,0
DA:281,0
DA:284,0
DA:287,0
DA:288,0
DA:291,1
DA:294,1
DA:298,1
DA:302,0
DA:306,0
DA:311,1
DA:314,0
DA:315,0
DA:321,0
DA:322,0
DA:325,0
DA:326,0
DA:327,0
DA:328,0
DA:329,0
DA:330,0
DA:331,0
DA:332,0
DA:333,0
DA:335,0
DA:336,0
DA:337,0
DA:338,0
DA:339,0
DA:340,0
DA:342,0
DA:343,0
DA:344,0
DA:345,0
DA:346,0
DA:347,0
DA:349,0
DA:352,0
DA:353,0
DA:354,0
DA:355,0
DA:356,0
DA:358,0
DA:362,0
DA:363,0
DA:364,0
DA:365,0
DA:371,6
DA:374,6
DA:376,6
DA:377,6
DA:378,1
DA:381,6
DA:383,2
DA:386,6
DA:388,1
DA:391,6
DA:392,4
DA:395,3
DA:396,0
DA:397,0
DA:399,0
DA:401,3
DA:402,1
DA:405,3
DA:406,1
DA:409,2
DA:411,2
DA:416,2
DA:421,12
DA:424,12
DA:426,10
DA:428,12
DA:430,12
DA:432,6
DA:434,0
DA:436,6
DA:438,12
DA:440,6
DA:442,12
DA:447,1
DA:448,1
DA:450,1
DA:451,0
DA:452,0
DA:455,1
DA:456,0
DA:457,0
DA:460,1
DA:461,0
DA:462,0
DA:465,1
DA:466,0
DA:467,0
DA:470,1
DA:471,0
DA:472,0
DA:475,1
DA:476,0
DA:477,0
DA:481,1
DA:482,2
LF:190
LH:48
end_of_record
SF:lib/utils/app_utils/app_utils_dialogs.dart
DA:4,0
DA:5,0
DA:8,0
DA:9,0
DA:11,0
DA:12,0
DA:13,0
DA:18,0
DA:21,0
DA:23,0
DA:24,0
DA:25,0
DA:26,0
DA:27,0
DA:28,0
DA:29,0
DA:30,0
DA:31,0
DA:36,0
DA:37,0
DA:39,0
DA:40,0
DA:44,0
DA:45,0
DA:46,0
DA:50,0
DA:52,0
DA:54,0
DA:56,0
DA:57,0
DA:58,0
DA:59,0
DA:65,0
DA:66,0
DA:72,0
DA:73,0
DA:76,0
DA:77,0
DA:79,0
DA:80,0
DA:81,0
DA:86,0
DA:89,0
DA:91,0
DA:92,0
DA:93,0
DA:94,0
DA:95,0
DA:96,0
DA:97,0
DA:98,0
DA:99,0
DA:104,0
DA:105,0
DA:107,0
DA:108,0
DA:112,0
DA:113,0
DA:114,0
DA:117,0
DA:118,0
DA:123,0
DA:124,0
DA:130,0
DA:132,0
DA:135,0
DA:136,0
DA:138,0
DA:139,0
DA:140,0
DA:145,0
DA:148,0
DA:149,0
DA:152,0
DA:155,0
DA:159,0
DA:160,0
DA:161,0
DA:162,0
DA:163,0
DA:164,0
DA:167,0
DA:168,0
DA:173,0
DA:174,0
DA:177,0
DA:178,0
DA:179,0
DA:180,0
DA:181,0
DA:184,0
DA:185,0
DA:190,0
DA:191,0
DA:195,0
DA:198,0
DA:205,0
DA:207,0
DA:210,0
DA:211,0
DA:213,0
DA:214,0
DA:215,0
DA:220,0
DA:223,0
DA:224,0
DA:228,0
DA:229,0
DA:232,0
DA:235,0
DA:236,0
DA:239,0
DA:246,0
DA:247,0
DA:250,0
DA:251,0
DA:253,0
DA:254,0
LF:118
LH:0
end_of_record
SF:lib/core/dependency_injection.dart
DA:49,3
DA:51,0
DA:53,0
DA:56,0
DA:57,0
DA:61,0
DA:66,0
DA:67,0
DA:68,0
DA:71,0
DA:75,0
DA:76,0
DA:77,0
DA:78,0
DA:83,0
DA:84,0
DA:90,0
DA:91,0
DA:92,0
DA:93,0
DA:98,0
DA:99,0
DA:100,0
DA:101,0
DA:106,0
DA:107,0
DA:113,0
DA:114,0
DA:115,0
DA:116,0
DA:121,0
DA:122,0
DA:123,0
DA:124,0
DA:129,0
DA:133,0
DA:134,0
DA:135,0
DA:136,0
DA:141,0
DA:142,0
DA:143,0
DA:144,0
DA:149,0
DA:153,0
DA:154,0
DA:155,0
DA:156,0
DA:161,0
DA:162,0
DA:163,0
DA:164,0
DA:169,0
DA:173,0
DA:174,0
DA:175,0
DA:176,0
DA:180,0
DA:181,0
DA:182,0
DA:183,0
DA:187,0
DA:192,0
DA:193,0
DA:194,0
DA:195,0
DA:200,0
DA:201,0
DA:202,0
DA:203,0
DA:208,0
DA:213,0
DA:214,0
DA:215,0
DA:216,0
DA:221,0
DA:222,0
DA:223,0
DA:224,0
DA:229,0
DA:234,0
DA:235,0
DA:236,0
DA:237,0
DA:242,0
DA:243,0
DA:244,0
DA:245,0
DA:250,0
DA:251,0
DA:252,0
DA:253,0
DA:259,0
DA:260,0
DA:261,0
DA:262,0
DA:267,0
DA:270,0
LF:98
LH:1
end_of_record
SF:lib/features/apply_course/domain/usecases/apply_form_usecases.dart
DA:8,1
DA:10,1
DA:11,2
DA:14,1
DA:15,2
DA:18,1
DA:19,2
DA:22,1
DA:23,2
LF:9
LH:9
end_of_record
SF:lib/features/course_description/data/data_sources/course_detail_service.dart
DA:19,0
DA:21,0
DA:22,0
DA:23,0
DA:24,0
DA:26,0
DA:33,0
DA:36,0
DA:37,0
DA:38,0
DA:40,0
DA:42,0
DA:44,0
DA:45,0
DA:48,0
DA:50,0
DA:52,0
DA:56,0
DA:57,0
DA:63,0
DA:64,0
DA:67,0
DA:69,0
DA:71,0
LF:24
LH:0
end_of_record
SF:lib/features/course_description/domain/usecases/course_description_usecase.dart
DA:8,0
DA:10,0
DA:11,0
LF:3
LH:0
end_of_record
SF:lib/features/home/data/data_sources/home_api_service.dart
DA:17,1
DA:19,4
DA:20,1
DA:21,1
DA:22,1
DA:24,2
DA:31,1
DA:34,2
DA:36,1
DA:37,1
DA:39,2
DA:42,2
DA:46,1
DA:47,2
DA:49,3
DA:50,3
DA:53,1
DA:54,2
DA:55,2
LF:19
LH:19
end_of_record
SF:lib/features/home/domain/usecases/home_usecases.dart
DA:8,1
DA:10,1
DA:11,2
LF:3
LH:3
end_of_record
SF:lib/features/multi_lang/data/datasources/language_translate_remote.dart
DA:25,1
DA:27,2
DA:30,1
DA:33,2
DA:34,2
DA:36,2
DA:42,3
DA:44,1
DA:45,2
DA:47,2
DA:49,2
DA:53,1
DA:56,2
DA:57,2
DA:58,1
DA:59,1
DA:61,2
DA:63,1
DA:66,1
DA:67,2
DA:69,3
DA:72,3
DA:75,4
DA:79,2
DA:83,1
DA:86,2
DA:88,2
DA:91,2
DA:93,2
DA:94,1
DA:97,2
DA:99,2
DA:105,1
DA:106,2
DA:108,3
DA:113,2
LF:36
LH:36
end_of_record
SF:lib/features/multi_lang/data/repositories/lang_translation_repository_impl.dart
DA:13,1
DA:16,1
DA:18,2
DA:19,2
DA:21,1
DA:25,1
DA:27,2
DA:28,2
DA:30,1
DA:34,1
DA:36,2
DA:37,2
DA:39,1
LF:13
LH:13
end_of_record
SF:lib/features/multi_lang/domain/usecases/lang_translation_use_case.dart
DA:8,1
DA:10,1
DA:12,2
DA:15,1
DA:16,2
DA:19,1
DA:20,2
LF:7
LH:7
end_of_record
SF:lib/features/mpin/data/data_sources/mpin_api_service.dart
DA:18,1
DA:23,4
DA:24,1
DA:25,1
DA:26,1
DA:28,2
DA:31,1
DA:32,2
DA:35,1
DA:38,2
DA:40,1
DA:41,1
DA:48,3
DA:51,3
DA:54,1
DA:55,1
DA:56,2
DA:60,1
DA:61,2
DA:64,1
DA:68,1
DA:69,1
DA:70,1
DA:72,1
DA:74,1
DA:75,1
DA:76,1
DA:80,2
DA:84,1
DA:85,1
DA:92,1
DA:93,2
DA:97,3
DA:100,2
DA:102,2
DA:106,1
DA:107,2
DA:110,1
DA:114,1
DA:115,1
DA:116,1
DA:117,1
DA:120,2
DA:123,1
DA:124,1
DA:131,3
DA:135,2
DA:136,2
LF:48
LH:48
end_of_record
SF:lib/features/mpin/data/repository/mpin_repository_impl.dart
DA:12,1
DA:14,2
DA:15,2
DA:17,2
DA:21,1
DA:26,1
DA:28,2
DA:29,2
DA:31,2
DA:35,1
DA:37,2
DA:38,2
DA:40,2
LF:13
LH:13
end_of_record
SF:lib/features/mpin/domain/usecase/mpin_usecase.dart
DA:7,1
DA:9,1
DA:10,2
DA:13,1
DA:14,2
DA:17,1
DA:18,2
LF:7
LH:7
end_of_record
SF:lib/features/my_orders/data/data_sources/my_orders_api_service.dart
DA:42,0
DA:44,0
DA:45,0
DA:46,0
DA:47,0
DA:50,0
DA:58,0
DA:62,0
DA:63,0
DA:64,0
DA:65,0
DA:66,0
DA:69,0
DA:71,0
DA:77,0
DA:81,0
DA:84,0
DA:86,0
DA:87,0
DA:89,0
DA:94,0
DA:98,0
DA:99,0
DA:100,0
DA:101,0
DA:102,0
DA:105,0
DA:107,0
DA:114,0
DA:118,0
DA:121,0
DA:123,0
DA:124,0
DA:126,0
DA:131,0
DA:138,0
DA:139,0
DA:140,0
DA:141,0
DA:142,0
DA:145,0
DA:149,0
DA:150,0
DA:151,0
DA:154,0
DA:158,0
DA:159,0
DA:162,0
DA:164,0
DA:165,0
DA:166,0
DA:171,0
DA:175,0
DA:177,0
DA:178,0
DA:182,0
DA:183,0
DA:184,0
DA:189,0
DA:191,0
DA:193,0
DA:194,0
DA:197,0
DA:198,0
DA:199,0
DA:203,0
DA:205,0
DA:207,0
DA:208,0
DA:211,0
DA:212,0
DA:213,0
DA:216,0
DA:217,0
DA:218,0
DA:221,0
DA:223,0
DA:224,0
DA:225,0
DA:230,0
DA:232,0
DA:233,0
DA:235,0
DA:237,0
DA:238,0
DA:241,0
DA:245,0
DA:248,0
DA:249,0
DA:250,0
DA:253,0
DA:255,0
DA:258,0
DA:259,0
DA:265,0
DA:266,0
DA:269,0
DA:271,0
DA:275,0
DA:280,0
DA:282,0
DA:283,0
DA:284,0
DA:285,0
DA:286,0
DA:288,0
DA:291,0
DA:295,0
DA:296,0
DA:299,0
DA:301,0
DA:302,0
DA:304,0
DA:308,0
DA:313,0
DA:315,0
DA:316,0
DA:317,0
DA:318,0
DA:320,0
DA:322,0
DA:325,0
DA:329,0
DA:330,0
DA:333,0
DA:335,0
DA:336,0
DA:338,0
LF:128
LH:0
end_of_record
SF:lib/features/my_orders/domain/usecase/my_order_usecase.dart
DA:11,0
DA:14,0
DA:15,0
DA:19,0
DA:20,0
DA:24,0
DA:25,0
DA:29,0
DA:30,0
DA:34,0
DA:35,0
DA:39,0
DA:40,0
DA:43,0
DA:44,0
LF:15
LH:0
end_of_record
SF:lib/features/on_boarding/data/data_sources/on_boarding_remote.dart
DA:51,1
DA:53,4
DA:54,1
DA:55,1
DA:56,1
DA:58,2
DA:65,1
DA:68,2
DA:70,1
DA:71,2
DA:72,1
DA:75,2
DA:78,1
DA:83,1
DA:84,2
DA:87,4
DA:89,1
DA:90,2
DA:92,2
DA:96,1
DA:99,2
DA:101,1
DA:102,1
DA:104,2
DA:107,1
DA:111,1
DA:112,2
DA:115,2
DA:116,3
DA:117,2
DA:118,3
DA:119,2
DA:120,3
DA:122,1
DA:123,2
DA:125,2
DA:129,0
DA:132,0
DA:134,0
DA:136,0
DA:139,0
DA:140,0
DA:141,0
DA:147,0
DA:148,0
DA:151,0
DA:155,0
DA:156,0
DA:157,0
DA:159,0
DA:160,0
DA:164,0
DA:166,0
DA:167,0
DA:169,0
DA:172,0
DA:173,0
DA:174,0
DA:177,0
DA:178,0
DA:181,0
DA:183,0
DA:185,0
DA:186,0
DA:191,0
DA:193,0
DA:194,0
DA:195,0
DA:197,0
DA:198,0
DA:199,0
DA:200,0
DA:202,0
DA:205,1
DA:208,1
DA:209,1
DA:211,2
DA:215,2
DA:216,1
DA:217,2
DA:223,1
DA:224,2
DA:227,2
DA:231,1
DA:234,3
DA:236,2
DA:237,1
DA:239,2
DA:241,4
DA:244,1
DA:245,1
DA:246,2
DA:250,1
DA:253,2
DA:255,2
DA:257,1
DA:259,1
DA:265,3
DA:267,2
DA:272,1
DA:274,2
DA:276,1
DA:277,1
DA:279,1
DA:281,2
DA:283,2
DA:286,1
DA:287,1
DA:294,2
DA:295,2
DA:297,1
DA:298,1
DA:299,2
DA:302,2
DA:307,1
DA:310,3
DA:312,2
DA:313,1
DA:314,1
DA:318,3
DA:321,2
DA:322,4
DA:324,1
DA:325,2
DA:326,2
DA:330,1
DA:333,1
DA:334,1
DA:336,2
DA:337,1
DA:339,3
DA:343,2
DA:353,1
DA:354,2
DA:355,2
DA:359,1
DA:362,3
DA:364,2
DA:365,1
DA:367,1
DA:368,3
DA:370,2
DA:372,2
DA:373,1
DA:374,1
DA:375,1
DA:376,1
DA:379,1
DA:382,3
DA:384,2
DA:388,1
DA:391,2
DA:393,1
DA:394,1
DA:396,2
DA:399,2
DA:403,1
DA:404,2
DA:407,3
DA:410,1
DA:411,2
DA:412,2
LF:162
LH:125
end_of_record
SF:lib/features/on_boarding/data/repositories/on_boarding_repository_impl.dart
DA:16,1
DA:22,1
DA:24,2
DA:25,2
DA:27,2
DA:31,1
DA:33,2
DA:34,2
DA:36,2
DA:40,1
DA:42,2
DA:43,0
DA:45,2
DA:49,1
DA:51,2
DA:52,2
DA:54,2
DA:58,1
DA:60,2
DA:61,2
DA:63,2
DA:67,1
DA:69,2
DA:70,2
DA:72,2
DA:76,1
DA:78,2
DA:79,2
DA:81,2
DA:85,1
DA:87,2
DA:88,2
DA:90,2
DA:94,1
DA:96,2
DA:97,2
DA:99,2
DA:103,1
DA:105,2
DA:106,2
DA:108,2
DA:112,1
DA:114,2
LF:43
LH:42
end_of_record
SF:lib/features/on_boarding/domain/usecase/on_boarding_usecase.dart
DA:15,1
DA:17,1
DA:19,2
DA:22,1
DA:23,2
DA:26,1
DA:27,2
DA:30,1
DA:31,2
DA:34,0
DA:35,0
DA:38,1
DA:39,2
DA:42,1
DA:43,2
DA:46,1
DA:47,2
DA:50,1
DA:51,2
DA:54,1
DA:55,2
DA:58,1
DA:59,2
LF:23
LH:21
end_of_record
SF:lib/features/profile/data/repositories/profile_repository_impl.dart
DA:10,0
DA:16,0
DA:18,0
DA:19,0
DA:21,0
DA:26,0
DA:28,0
DA:29,0
DA:31,0
LF:9
LH:0
end_of_record
SF:lib/features/profile/domain/usecase/profile_usecase.dart
DA:12,0
DA:15,0
DA:16,0
DA:20,0
DA:21,0
LF:5
LH:0
end_of_record
SF:lib/features/seeker_home/data/data_sources/seeker_home_api_service.dart
DA:20,0
DA:23,0
DA:24,0
DA:25,0
DA:26,0
DA:28,0
DA:36,0
DA:40,0
DA:41,0
DA:42,0
DA:44,0
DA:46,0
DA:47,0
DA:49,0
DA:51,0
DA:52,0
DA:53,0
DA:55,0
DA:56,0
DA:57,0
DA:58,0
DA:61,0
DA:63,0
DA:68,0
DA:69,0
DA:72,0
DA:74,0
DA:76,0
LF:28
LH:0
end_of_record
SF:lib/features/seeker_home/data/repositories/seeker_home_repositories_impl.dart
DA:11,0
DA:17,0
DA:19,0
DA:20,0
DA:22,0
LF:5
LH:0
end_of_record
SF:lib/features/seeker_home/domain/usecases/seeker_home_usecases.dart
DA:9,0
DA:12,0
DA:13,0
LF:3
LH:0
end_of_record
SF:lib/features/wallet/data/repositories/wallet_repository_impl.dart
DA:14,1
DA:20,1
DA:22,2
DA:23,2
DA:25,2
DA:30,1
DA:32,2
DA:33,2
DA:35,2
DA:40,1
DA:42,2
DA:43,2
DA:45,2
DA:50,1
DA:52,2
DA:53,2
DA:55,2
DA:60,1
DA:62,2
DA:63,2
DA:65,2
DA:70,1
DA:72,2
DA:73,2
DA:75,2
DA:80,1
DA:82,2
DA:83,2
DA:85,2
DA:90,1
DA:92,2
DA:93,2
DA:95,2
DA:100,1
DA:102,2
DA:103,2
DA:105,2
DA:110,1
DA:112,2
DA:113,2
DA:115,2
LF:41
LH:41
end_of_record
SF:lib/features/course_description/data/repositories/course_details_repositories_impl.dart
DA:10,0
DA:15,0
DA:17,0
DA:18,0
DA:20,0
LF:5
LH:0
end_of_record
SF:lib/features/home/data/repositories/home_repository_impl.dart
DA:10,1
DA:15,1
DA:17,2
DA:18,2
DA:20,2
LF:5
LH:5
end_of_record
SF:lib/features/my_orders/data/repositories/my_orders_repository_impl.dart
DA:16,0
DA:22,0
DA:24,0
DA:25,0
DA:27,0
DA:32,0
DA:34,0
DA:35,0
DA:37,0
DA:42,0
DA:44,0
DA:45,0
DA:47,0
DA:52,0
DA:54,0
DA:55,0
DA:57,0
DA:62,0
DA:64,0
DA:67,0
DA:69,0
DA:70,0
DA:72,0
DA:76,0
DA:78,0
DA:79,0
DA:81,0
LF:27
LH:0
end_of_record
SF:lib/features/profile/data/data_sources/profile_api_service.dart
DA:20,0
DA:23,0
DA:24,0
DA:25,0
DA:26,0
DA:28,0
DA:36,0
DA:39,0
DA:41,0
DA:42,0
DA:43,0
DA:46,0
DA:50,0
DA:53,0
DA:57,0
DA:58,0
DA:59,0
DA:64,0
DA:67,0
DA:69,0
DA:70,0
DA:72,0
DA:76,0
DA:77,0
DA:79,0
DA:80,0
DA:81,0
LF:27
LH:0
end_of_record
SF:lib/features/wallet/data/data_sources/wallet_data_sources.dart
DA:46,1
DA:48,4
DA:49,1
DA:50,1
DA:51,1
DA:53,2
DA:61,1
DA:64,1
DA:69,2
DA:70,2
DA:72,1
DA:73,1
DA:75,1
DA:76,1
DA:78,2
DA:79,1
DA:80,2
DA:84,1
DA:85,2
DA:86,2
DA:87,3
DA:89,4
DA:91,2
DA:92,3
DA:99,1
DA:102,3
DA:103,3
DA:105,1
DA:106,1
DA:107,2
DA:108,1
DA:109,2
DA:113,1
DA:114,2
DA:116,2
DA:118,1
DA:120,1
DA:121,2
DA:122,2
DA:127,1
DA:130,3
DA:131,3
DA:135,2
DA:137,1
DA:138,1
DA:139,1
DA:140,1
DA:141,2
DA:142,2
DA:146,2
DA:150,1
DA:151,2
DA:154,2
DA:155,3
DA:156,1
DA:157,5
DA:158,7
DA:161,2
DA:163,2
DA:167,1
DA:168,2
DA:169,2
DA:174,1
DA:179,3
DA:180,3
DA:182,1
DA:183,1
DA:184,5
DA:187,1
DA:189,1
DA:190,1
DA:191,2
DA:194,2
DA:198,1
DA:199,2
DA:201,1
DA:202,2
DA:203,2
DA:208,1
DA:211,1
DA:212,3
DA:213,3
DA:215,1
DA:222,2
DA:223,2
DA:224,1
DA:225,2
DA:230,2
DA:232,2
DA:235,2
DA:236,2
DA:241,1
DA:244,1
DA:247,3
DA:248,3
DA:250,1
DA:257,2
DA:258,2
DA:259,1
DA:260,2
DA:265,2
DA:267,2
DA:270,2
DA:271,2
DA:276,1
DA:280,2
DA:282,1
DA:283,1
DA:285,3
DA:286,3
DA:288,1
DA:293,2
DA:297,2
DA:299,2
DA:300,1
DA:302,2
DA:309,1
DA:310,2
DA:313,2
DA:318,1
DA:321,3
DA:322,3
DA:324,1
DA:326,1
DA:327,1
DA:331,2
DA:335,2
DA:337,2
DA:338,1
DA:339,2
DA:345,1
DA:346,2
DA:349,2
DA:354,1
DA:357,3
DA:359,1
DA:361,1
DA:366,3
DA:368,4
DA:370,2
DA:371,1
DA:372,1
DA:373,1
DA:374,1
DA:375,2
DA:376,1
DA:378,1
DA:380,4
DA:381,4
DA:384,3
DA:387,2
DA:390,1
DA:392,1
DA:398,1
DA:399,2
DA:402,1
DA:403,2
DA:405,2
DA:410,1
DA:412,3
DA:414,1
DA:415,1
DA:417,1
DA:419,2
DA:420,1
DA:423,2
DA:426,1
DA:427,1
DA:433,1
DA:434,3
DA:438,1
DA:439,2
DA:441,2
DA:446,1
DA:448,3
DA:449,3
DA:450,3
DA:451,1
LF:178
LH:178
end_of_record
SF:lib/features/wallet/domain/usecase/wallet_usecase.dart
DA:12,1
DA:15,1
DA:16,2
DA:20,1
DA:21,2
DA:25,1
DA:26,2
DA:30,1
DA:31,2
DA:35,1
DA:36,2
DA:40,1
DA:41,2
DA:45,1
DA:46,2
DA:50,1
DA:51,2
DA:55,1
DA:56,2
DA:60,1
DA:61,2
LF:21
LH:21
end_of_record
SF:lib/core/interceptor.dart
DA:12,5
DA:18,0
DA:21,0
DA:24,0
DA:26,0
DA:27,0
DA:28,0
DA:29,0
DA:30,0
DA:31,0
DA:35,0
DA:39,0
DA:41,0
DA:42,0
DA:43,0
DA:44,0
DA:45,0
DA:46,0
DA:50,0
LF:19
LH:1
end_of_record
SF:lib/utils/extensions/string_to_string.dart
DA:7,13
DA:8,26
DA:9,0
DA:10,0
DA:14,0
DA:15,0
DA:18,0
LF:7
LH:2
end_of_record
SF:lib/features/apply_course/domain/entities/get_response_entity/price_entity.dart
DA:5,3
DA:10,3
DA:11,3
DA:12,3
DA:13,3
DA:17,1
DA:18,1
DA:19,1
DA:20,1
LF:9
LH:9
end_of_record
SF:lib/features/apply_course/domain/entities/get_response_entity/stop_entity.dart
DA:6,2
DA:8,2
DA:9,2
DA:10,2
DA:11,4
DA:12,4
DA:16,1
DA:17,1
DA:18,1
DA:19,2
DA:20,2
DA:29,2
DA:31,2
DA:32,2
DA:33,6
DA:35,2
DA:36,2
DA:41,1
DA:42,1
DA:43,1
DA:44,5
DA:52,1
DA:54,1
DA:55,1
DA:56,1
DA:60,1
DA:61,1
DA:62,1
DA:70,1
DA:72,1
DA:73,1
DA:74,1
DA:78,1
DA:79,1
DA:80,1
LF:35
LH:35
end_of_record
SF:lib/features/apply_course/domain/entities/post_request_entity/status_post_entity.dart
DA:10,1
DA:17,1
DA:18,2
DA:19,1
DA:20,1
DA:21,1
DA:22,1
DA:23,1
LF:8
LH:8
end_of_record
SF:lib/features/course_description/domain/entity/get_details_entity.dart
DA:8,0
DA:14,0
DA:15,0
DA:16,0
DA:17,0
DA:18,0
LF:6
LH:0
end_of_record
SF:lib/features/course_description/domain/entity/services_items.dart
DA:23,0
DA:39,0
DA:40,0
DA:41,0
DA:42,0
DA:43,0
DA:44,0
DA:45,0
DA:46,0
DA:47,0
DA:48,0
DA:49,0
DA:50,0
DA:51,0
DA:52,0
DA:53,0
DA:54,0
DA:55,0
DA:56,0
DA:57,0
LF:20
LH:0
end_of_record
SF:lib/features/course_description/domain/entity/item_descriptor_entity.dart
DA:10,0
DA:18,0
DA:19,0
DA:20,0
DA:21,0
DA:22,0
DA:23,0
DA:24,0
LF:8
LH:0
end_of_record
SF:lib/features/course_description/domain/entity/provider_entity.dart
DA:10,0
DA:18,0
DA:19,0
DA:20,0
DA:21,0
DA:22,0
DA:23,0
DA:24,0
LF:8
LH:0
end_of_record
SF:lib/features/course_description/domain/entity/item_tag_data.dart
DA:6,0
DA:12,0
DA:13,0
DA:14,0
DA:15,0
DA:16,0
DA:17,0
DA:18,0
DA:21,0
DA:22,0
DA:23,0
DA:24,0
DA:25,0
DA:34,0
DA:39,0
DA:40,0
DA:41,0
DA:42,0
DA:46,0
DA:47,0
DA:48,0
DA:49,0
DA:58,0
DA:63,0
DA:64,0
DA:65,0
DA:66,0
DA:70,0
DA:71,0
DA:72,0
DA:73,0
DA:82,0
DA:87,0
DA:88,0
DA:89,0
DA:90,0
DA:94,0
DA:95,0
DA:96,0
DA:97,0
DA:106,0
DA:111,0
DA:112,0
DA:113,0
DA:114,0
DA:118,0
DA:119,0
DA:120,0
DA:121,0
LF:49
LH:0
end_of_record
SF:lib/features/course_description/domain/entity/price_entity.dart
DA:5,0
DA:10,0
DA:11,0
DA:12,0
DA:13,0
DA:17,0
DA:18,0
DA:19,0
DA:20,0
LF:9
LH:0
end_of_record
SF:lib/features/on_boarding/domain/entities/user_data_entity.dart
DA:22,9
DA:41,9
DA:42,9
DA:43,9
DA:44,9
DA:45,9
DA:46,9
DA:47,9
DA:48,9
DA:49,9
DA:50,18
DA:51,9
DA:52,9
DA:53,9
DA:54,27
DA:55,27
DA:56,18
DA:57,36
DA:58,9
DA:59,36
DA:60,0
DA:61,36
DA:62,9
DA:63,36
DA:64,0
DA:67,1
DA:68,1
DA:69,2
DA:70,2
DA:71,2
DA:72,2
DA:73,2
DA:74,2
DA:75,2
DA:76,2
DA:77,2
DA:78,2
DA:79,2
DA:80,3
DA:81,3
DA:82,3
DA:83,6
DA:84,6
DA:99,9
DA:110,9
DA:111,9
DA:112,9
DA:113,9
DA:114,9
DA:115,9
DA:116,9
DA:117,9
DA:118,9
DA:119,9
DA:123,1
DA:124,1
DA:125,2
DA:126,2
DA:127,2
DA:128,2
DA:129,2
DA:130,2
DA:131,2
DA:132,2
DA:149,9
DA:162,9
DA:163,9
DA:164,9
DA:165,9
DA:166,9
DA:167,9
DA:168,9
DA:169,9
DA:170,18
DA:171,9
DA:172,9
DA:173,9
DA:177,1
DA:178,1
DA:179,2
DA:180,2
DA:181,2
DA:182,2
DA:183,2
DA:184,3
DA:185,2
DA:186,2
DA:187,2
DA:188,2
DA:197,9
DA:202,9
DA:203,9
DA:204,9
DA:205,9
DA:209,1
DA:210,1
DA:211,2
DA:212,2
DA:224,9
DA:232,9
DA:233,9
DA:234,9
DA:235,9
DA:236,9
DA:237,9
DA:238,9
DA:242,1
DA:243,1
DA:244,2
DA:245,2
DA:246,2
DA:247,2
DA:248,2
LF:113
LH:111
end_of_record
SF:lib/features/mpin/domain/entities/send_mpin_otp_entity.dart
DA:2,5
DA:6,5
DA:7,5
DA:10,2
DA:11,4
DA:12,4
DA:16,1
DA:20,1
DA:21,1
DA:22,1
DA:24,6
DA:25,4
DA:27,1
DA:28,1
DA:29,2
DA:30,2
LF:16
LH:16
end_of_record
SF:lib/features/mpin/presentation/blocs/reset_mpin_event.dart
DA:4,2
DA:13,1
DA:22,1
DA:30,1
DA:39,1
LF:5
LH:5
end_of_record
SF:lib/features/mpin/presentation/blocs/reset_mpin_state.dart
DA:8,66
DA:12,1
DA:13,1
DA:23,1
DA:24,2
DA:26,66
DA:34,1
DA:41,1
DA:42,1
DA:43,1
DA:44,1
DA:45,1
DA:46,1
LF:13
LH:13
end_of_record
SF:lib/features/mpin/presentation/blocs/reset_mpin_bloc.dart
DA:15,3
DA:16,2
DA:17,2
DA:18,2
DA:19,2
DA:20,2
DA:27,1
DA:28,2
DA:29,1
DA:36,0
DA:44,2
DA:45,2
DA:46,3
DA:50,3
DA:51,2
DA:55,1
DA:56,3
DA:57,3
DA:59,0
DA:63,1
DA:64,3
DA:65,3
DA:69,5
DA:70,1
DA:71,3
DA:76,3
DA:77,2
DA:82,1
DA:83,6
DA:84,3
DA:86,4
DA:87,3
DA:92,3
DA:93,2
DA:95,0
DA:96,0
DA:97,0
DA:98,0
DA:99,0
DA:100,0
DA:104,1
DA:105,6
DA:106,2
DA:107,3
DA:112,0
LF:45
LH:36
end_of_record
SF:lib/features/multi_lang/data/models/lang_translation_model.dart
DA:8,5
DA:16,2
DA:17,2
DA:18,2
DA:19,2
DA:20,2
DA:21,2
DA:22,2
DA:24,1
DA:25,1
DA:26,1
DA:27,1
DA:28,1
DA:29,1
DA:30,1
LF:15
LH:15
end_of_record
SF:lib/features/multi_lang/domain/entities/langugae_entity.dart
DA:8,6
DA:16,1
DA:17,1
DA:18,1
DA:19,1
DA:20,1
DA:21,1
DA:22,1
DA:24,2
DA:25,1
DA:26,1
DA:27,1
DA:28,1
DA:29,1
LF:14
LH:14
end_of_record
SF:lib/features/multi_lang/domain/mappers/home/home_map.dart
DA:3,3
LF:1
LH:1
end_of_record
SF:lib/features/multi_lang/domain/mappers/network_errors/network_errors_map.dart
DA:3,3
LF:1
LH:1
end_of_record
SF:lib/features/multi_lang/domain/mappers/on_boarding/on_boarding_map.dart
DA:5,6
LF:1
LH:1
end_of_record
SF:lib/features/multi_lang/domain/mappers/profile/profile_map.dart
DA:3,3
LF:1
LH:1
end_of_record
SF:lib/features/multi_lang/domain/mappers/seeker_home/seeker_home_map.dart
DA:3,3
LF:1
LH:1
end_of_record
SF:lib/features/multi_lang/domain/mappers/wallet/wallet_map.dart
DA:6,3
LF:1
LH:1
end_of_record
SF:lib/features/multi_lang/presentation/blocs/translate_event.dart
DA:4,2
DA:12,1
DA:19,1
DA:25,1
DA:31,1
LF:5
LH:5
end_of_record
SF:lib/features/multi_lang/presentation/blocs/translate_state.dart
DA:4,1
DA:14,1
DA:22,1
DA:32,1
DA:35,1
DA:41,1
DA:42,1
DA:43,0
DA:44,1
LF:9
LH:8
end_of_record
SF:lib/features/multi_lang/presentation/blocs/translate_bloc.dart
DA:31,1
DA:35,2
DA:36,2
DA:37,2
DA:38,2
DA:39,2
DA:41,2
DA:44,1
DA:48,2
DA:50,3
DA:55,2
DA:57,3
DA:58,1
DA:63,2
DA:64,1
DA:65,1
DA:66,2
DA:67,2
DA:69,2
DA:70,1
DA:74,1
DA:81,1
DA:82,1
DA:83,3
DA:85,2
DA:86,2
DA:88,2
DA:89,1
DA:97,1
DA:99,2
DA:100,4
DA:103,1
DA:106,2
DA:107,3
DA:108,1
DA:109,1
DA:110,3
DA:111,1
DA:112,2
DA:113,2
DA:115,0
DA:118,0
DA:119,0
DA:124,4
DA:128,1
DA:130,2
DA:133,4
DA:134,3
DA:135,2
DA:136,2
DA:139,4
DA:140,2
DA:141,1
DA:142,0
DA:143,0
DA:144,0
DA:147,0
DA:148,0
DA:150,0
DA:152,0
DA:154,0
DA:157,0
DA:158,0
DA:159,0
DA:161,0
DA:162,0
DA:163,0
DA:166,0
DA:167,0
DA:169,0
DA:170,0
DA:171,0
DA:175,4
LF:73
LH:51
end_of_record
SF:lib/features/my_orders/domain/entities/add_document_to_wallet_entity.dart
DA:4,0
DA:7,0
DA:16,0
DA:25,0
DA:26,0
DA:27,0
DA:28,0
DA:29,0
DA:30,0
DA:34,0
DA:35,0
DA:36,0
DA:37,0
DA:38,0
DA:39,0
DA:40,0
LF:16
LH:0
end_of_record
SF:lib/features/my_orders/domain/entities/my_orders_entity.dart
DA:6,0
DA:8,0
DA:9,0
DA:10,0
DA:11,0
DA:12,0
DA:13,0
DA:30,0
DA:42,0
DA:43,0
DA:44,0
DA:45,0
DA:46,0
DA:47,0
DA:48,0
DA:49,0
DA:50,0
DA:51,0
DA:52,0
DA:56,0
DA:57,0
DA:58,0
DA:59,0
DA:60,0
DA:61,0
DA:62,0
DA:63,0
DA:64,0
DA:73,0
DA:78,0
DA:79,0
DA:80,0
DA:81,0
DA:85,0
DA:86,0
DA:87,0
DA:88,0
DA:99,0
DA:106,0
DA:107,0
DA:108,0
DA:109,0
DA:110,0
DA:111,0
DA:115,0
DA:116,0
DA:117,0
DA:118,0
DA:119,0
DA:120,0
DA:131,0
DA:138,0
DA:139,0
DA:140,0
DA:141,0
DA:142,0
DA:143,0
DA:147,0
DA:148,0
DA:149,0
DA:150,0
DA:151,0
DA:152,0
DA:160,0
DA:162,0
DA:163,0
DA:164,0
DA:168,0
DA:169,0
DA:170,0
DA:179,0
DA:184,0
DA:185,0
DA:186,0
DA:187,0
DA:191,0
DA:192,0
DA:193,0
LF:78
LH:0
end_of_record
SF:lib/features/my_orders/domain/entities/status_entity_model.dart
DA:11,0
DA:18,0
DA:19,0
DA:20,0
DA:21,0
DA:22,0
DA:23,0
DA:24,0
LF:8
LH:0
end_of_record
SF:lib/features/my_orders/presentation/blocs/my_orders_bloc/my_orders_bloc.dart
DA:27,0
DA:28,0
DA:29,0
DA:30,0
DA:31,0
DA:32,0
DA:34,0
DA:35,0
DA:36,0
DA:38,0
DA:42,0
DA:44,0
DA:45,0
DA:46,0
DA:49,0
DA:50,0
DA:51,0
DA:57,0
DA:58,0
DA:59,0
DA:60,0
DA:62,0
DA:64,0
DA:65,0
DA:66,0
DA:67,0
DA:68,0
DA:75,0
DA:76,0
DA:77,0
DA:78,0
DA:79,0
DA:81,0
DA:86,0
DA:88,0
DA:89,0
DA:90,0
DA:93,0
DA:94,0
DA:95,0
DA:101,0
DA:102,0
DA:103,0
DA:104,0
DA:106,0
DA:107,0
DA:108,0
DA:109,0
DA:110,0
DA:111,0
DA:118,0
DA:119,0
DA:120,0
DA:121,0
DA:122,0
DA:124,0
DA:129,0
DA:133,0
DA:134,0
DA:135,0
DA:136,0
DA:137,0
DA:138,0
DA:141,0
DA:142,0
DA:146,0
DA:147,0
DA:148,0
DA:149,0
DA:151,0
DA:152,0
DA:154,0
DA:155,0
DA:156,0
DA:157,0
DA:158,0
DA:159,0
DA:160,0
DA:164,0
DA:165,0
DA:166,0
DA:168,0
DA:170,0
DA:172,0
DA:173,0
DA:175,0
DA:176,0
DA:177,0
DA:179,0
DA:180,0
DA:186,0
DA:188,0
DA:190,0
DA:193,0
DA:194,0
DA:195,0
DA:198,0
DA:202,0
DA:207,0
DA:209,0
DA:210,0
DA:211,0
DA:212,0
DA:213,0
DA:215,0
DA:221,0
DA:223,0
DA:224,0
DA:225,0
DA:227,0
DA:230,0
DA:232,0
DA:233,0
DA:234,0
DA:240,0
DA:242,0
DA:243,0
DA:244,0
DA:246,0
DA:247,0
DA:248,0
DA:249,0
DA:252,0
DA:254,0
DA:258,0
DA:259,0
DA:260,0
DA:262,0
DA:266,0
DA:268,0
DA:269,0
DA:270,0
DA:271,0
DA:272,0
DA:273,0
LF:135
LH:0
end_of_record
SF:lib/features/my_orders/presentation/blocs/my_orders_bloc/my_orders_event.dart
DA:6,64
DA:8,0
DA:9,0
DA:16,64
DA:25,0
DA:32,0
DA:37,64
DA:44,64
DA:52,0
DA:60,0
DA:64,64
LF:11
LH:5
end_of_record
SF:lib/features/my_orders/presentation/blocs/my_orders_bloc/my_orders_state.dart
DA:16,64
DA:18,0
DA:19,0
DA:32,0
DA:42,0
DA:51,0
DA:52,0
DA:53,0
DA:54,0
DA:55,0
DA:56,0
DA:57,0
DA:61,0
DA:62,0
DA:67,64
DA:86,0
DA:87,0
DA:90,0
LF:18
LH:2
end_of_record
SF:lib/features/on_boarding/domain/entities/e_auth_providers_entity.dart
DA:8,5
DA:16,2
DA:17,2
DA:18,2
DA:19,2
DA:20,2
DA:21,2
DA:22,2
LF:8
LH:8
end_of_record
SF:lib/features/on_boarding/domain/entities/on_boarding_send_otp_entity.dart
DA:4,0
DA:7,0
DA:14,6
DA:21,2
DA:22,1
DA:23,1
DA:24,1
DA:28,2
DA:29,2
DA:30,2
DA:31,2
DA:32,2
LF:12
LH:10
end_of_record
SF:lib/features/on_boarding/domain/entities/on_boarding_verify_otp_entity.dart
DA:4,0
DA:7,0
DA:15,5
DA:23,2
DA:24,1
DA:25,1
DA:26,1
DA:27,1
DA:31,2
DA:32,2
DA:33,2
DA:34,2
DA:35,2
DA:36,2
LF:14
LH:12
end_of_record
SF:lib/features/on_boarding/domain/entities/categories_entity.dart
DA:9,15
DA:16,10
DA:17,10
DA:18,10
DA:19,10
DA:20,10
DA:21,10
DA:25,4
DA:26,4
DA:27,8
DA:28,8
DA:29,8
DA:30,8
DA:34,2
DA:40,2
DA:41,1
DA:42,1
DA:43,1
DA:44,1
DA:48,1
DA:49,5
LF:21
LH:21
end_of_record
SF:lib/features/on_boarding/domain/entities/domains_entity.dart
DA:9,15
DA:18,2
DA:26,2
DA:27,0
DA:28,1
DA:29,1
DA:30,1
DA:31,2
DA:32,2
DA:36,10
DA:37,10
DA:39,10
DA:40,10
DA:41,10
DA:42,10
DA:43,10
DA:47,2
DA:48,2
DA:49,4
DA:50,4
DA:51,4
DA:52,4
DA:53,4
DA:54,4
LF:24
LH:23
end_of_record
SF:lib/features/on_boarding/domain/entities/kyc_sse_response.dart
DA:5,3
DA:10,2
DA:11,2
DA:12,2
DA:13,2
LF:5
LH:5
end_of_record
SF:lib/features/on_boarding/domain/entities/on_boarding_user_role_entity.dart
DA:14,4
DA:27,2
DA:28,2
DA:29,2
DA:30,2
DA:31,2
DA:32,2
DA:33,2
DA:34,2
DA:35,2
DA:36,2
DA:40,2
DA:41,1
DA:42,1
DA:43,1
DA:44,1
DA:45,1
DA:46,1
DA:47,1
DA:48,1
DA:51,1
DA:62,1
DA:63,1
DA:64,1
DA:65,0
DA:66,1
DA:67,1
DA:68,1
DA:69,1
DA:70,1
DA:71,0
DA:77,0
DA:78,0
DA:81,0
DA:82,0
LF:35
LH:29
end_of_record
SF:lib/features/on_boarding/data/models/e_auth_providers_model.dart
DA:8,1
DA:14,1
DA:18,1
DA:19,1
DA:20,1
DA:21,2
LF:6
LH:6
end_of_record
SF:lib/features/on_boarding/presentation/blocs/choose_domain/choose_domain_state.dart
DA:6,66
DA:10,1
DA:11,1
DA:20,1
DA:21,4
DA:23,2
DA:33,65
DA:35,1
DA:36,1
DA:42,1
DA:43,2
DA:45,2
LF:12
LH:12
end_of_record
SF:lib/features/on_boarding/presentation/blocs/choose_domain/choose_domain_bloc.dart
DA:26,1
DA:28,2
DA:29,2
DA:30,2
DA:31,2
DA:32,2
DA:33,1
DA:34,3
DA:37,1
DA:39,3
DA:40,5
DA:41,1
DA:42,6
DA:43,6
DA:44,6
DA:46,0
DA:47,0
DA:48,0
DA:50,1
DA:51,1
DA:52,2
DA:53,2
DA:58,1
DA:60,2
DA:61,1
DA:62,1
DA:63,2
DA:64,2
DA:68,3
DA:69,1
DA:70,1
DA:71,2
DA:76,0
DA:77,0
DA:81,1
DA:83,1
DA:84,1
DA:85,2
DA:86,2
DA:90,1
DA:91,2
DA:92,2
DA:93,2
DA:94,1
DA:95,1
DA:96,2
DA:97,2
DA:98,2
DA:102,2
DA:103,2
DA:107,1
DA:110,2
DA:111,2
DA:114,0
DA:115,0
DA:117,1
DA:118,1
LF:57
LH:50
end_of_record
SF:lib/features/on_boarding/presentation/blocs/choose_domain/choose_domain_event.dart
DA:4,2
DA:13,1
LF:2
LH:2
end_of_record
SF:lib/features/on_boarding/presentation/blocs/select_category/categories_event.dart
DA:4,2
DA:15,1
DA:24,1
LF:3
LH:3
end_of_record
SF:lib/features/on_boarding/presentation/blocs/select_category/categories_state.dart
DA:6,2
DA:8,1
DA:9,1
DA:21,1
DA:23,4
DA:25,2
DA:37,1
DA:38,2
DA:40,2
LF:9
LH:9
end_of_record
SF:lib/features/on_boarding/presentation/blocs/select_category/categories_bloc.dart
DA:148,1
DA:152,2
DA:153,2
DA:154,2
DA:155,2
DA:156,2
DA:157,2
DA:158,3
DA:164,1
DA:166,3
DA:167,5
DA:169,5
DA:170,1
DA:172,1
DA:173,5
DA:174,2
DA:178,0
DA:179,0
DA:182,1
DA:183,1
DA:184,2
DA:185,2
DA:190,1
DA:192,2
DA:193,1
DA:194,1
DA:195,2
DA:196,2
DA:200,3
DA:201,1
DA:202,1
DA:203,2
DA:208,2
DA:209,2
DA:213,1
DA:215,2
DA:216,2
DA:219,1
DA:221,2
DA:222,2
DA:223,2
DA:228,1
DA:229,3
DA:230,3
DA:231,1
DA:232,1
DA:233,3
DA:234,1
DA:235,2
DA:238,6
DA:239,1
DA:240,1
DA:241,2
DA:244,2
DA:245,2
DA:246,2
DA:251,0
DA:252,0
LF:58
LH:54
end_of_record
SF:lib/features/on_boarding/presentation/widgets/common_pin_code_text_field_view.dart
DA:22,0
DA:35,0
DA:38,0
DA:41,0
DA:42,0
DA:46,0
DA:47,0
DA:48,0
DA:49,0
DA:50,0
DA:56,0
DA:58,0
DA:59,0
DA:60,0
DA:61,0
DA:65,0
DA:67,0
DA:68,0
DA:69,0
DA:70,0
DA:75,0
DA:76,0
DA:77,0
DA:78,0
DA:82,0
DA:83,0
LF:26
LH:0
end_of_record
SF:lib/utils/app_colors.dart
DA:33,0
DA:34,0
DA:35,0
DA:36,0
DA:37,0
DA:38,0
DA:39,0
DA:40,0
DA:41,0
DA:42,0
DA:43,0
DA:44,0
DA:45,0
DA:46,0
DA:47,0
DA:48,0
DA:49,0
DA:50,0
DA:51,0
DA:52,0
DA:53,0
DA:54,0
DA:55,0
DA:56,0
LF:24
LH:0
end_of_record
SF:lib/utils/app_dimensions.dart
DA:3,0
DA:8,0
DA:11,0
DA:12,0
LF:4
LH:0
end_of_record
SF:lib/features/profile/presentation/bloc/agent_profile_bloc/agent_profile_state.dart
DA:15,0
DA:23,0
DA:29,0
DA:30,0
DA:31,0
DA:32,0
DA:33,0
DA:38,0
DA:39,0
DA:45,0
LF:10
LH:0
end_of_record
SF:lib/features/profile/presentation/bloc/agent_profile_bloc/agent_profile_event.dart
DA:5,0
DA:7,0
DA:8,0
DA:13,0
DA:20,0
DA:22,0
DA:23,0
DA:28,0
LF:8
LH:0
end_of_record
SF:lib/features/profile/presentation/bloc/agent_profile_bloc/agent_profile_bloc.dart
DA:24,0
DA:25,0
DA:26,0
DA:27,0
DA:28,0
DA:32,0
DA:34,0
DA:37,0
DA:40,0
DA:43,0
DA:46,0
DA:47,0
DA:50,0
DA:52,0
DA:53,0
DA:56,0
DA:58,0
DA:59,0
DA:63,0
DA:66,0
DA:67,0
DA:73,0
DA:77,0
DA:79,0
DA:82,0
DA:87,0
DA:89,0
DA:90,0
DA:91,0
DA:94,0
DA:95,0
DA:99,0
DA:100,0
DA:102,0
DA:103,0
LF:35
LH:0
end_of_record
SF:lib/features/profile/presentation/bloc/seeker_profile_bloc/seeker_profile_event.dart
DA:7,0
DA:11,0
DA:12,0
DA:18,0
DA:28,0
DA:32,0
DA:33,0
DA:39,0
LF:8
LH:0
end_of_record
SF:lib/features/profile/presentation/bloc/seeker_profile_bloc/seeker_profile_state.dart
DA:27,0
DA:36,0
DA:42,0
DA:43,0
DA:44,0
DA:45,0
DA:46,0
DA:52,0
DA:53,0
DA:59,0
LF:10
LH:0
end_of_record
SF:lib/features/profile/presentation/bloc/seeker_profile_bloc/seeker_profile_bloc.dart
DA:27,0
DA:28,0
DA:29,0
DA:30,0
DA:31,0
DA:35,0
DA:37,0
DA:39,0
DA:42,0
DA:43,0
DA:44,0
DA:45,0
DA:47,0
DA:49,0
DA:50,0
DA:52,0
DA:54,0
DA:55,0
DA:58,0
DA:61,0
DA:62,0
DA:67,0
DA:70,0
DA:71,0
DA:73,0
DA:78,0
DA:80,0
DA:81,0
DA:82,0
DA:83,0
DA:84,0
DA:86,0
DA:87,0
DA:89,0
DA:90,0
LF:35
LH:0
end_of_record
SF:lib/features/seeker_home/domain/entities/get_response_entity/services_entity.dart
DA:11,0
DA:20,0
DA:21,0
DA:22,0
DA:23,0
DA:24,0
DA:25,0
DA:26,0
DA:27,0
DA:28,0
DA:29,0
LF:11
LH:0
end_of_record
SF:lib/features/seeker_home/domain/entities/post_request_entity/search_post_entity.dart
DA:9,0
DA:12,0
DA:13,0
LF:3
LH:0
end_of_record
SF:lib/features/seeker_home/domain/entities/get_response_entity/price_entity.dart
DA:8,0
DA:13,0
DA:14,0
DA:15,0
DA:16,0
DA:20,0
DA:21,0
DA:22,0
DA:23,0
LF:9
LH:0
end_of_record
SF:lib/features/seeker_home/domain/entities/get_response_entity/services_items.dart
DA:20,0
DA:34,0
DA:35,0
DA:36,0
DA:37,0
DA:38,0
DA:39,0
DA:40,0
DA:41,0
DA:42,0
DA:43,0
DA:44,0
DA:45,0
DA:46,0
DA:47,0
DA:48,0
DA:49,0
DA:50,0
LF:18
LH:0
end_of_record
SF:lib/features/seeker_home/domain/entities/get_response_entity/item_descriptor_entity.dart
DA:10,0
DA:18,0
DA:19,0
DA:20,0
DA:21,0
DA:22,0
DA:23,0
DA:24,0
LF:8
LH:0
end_of_record
SF:lib/features/seeker_home/domain/entities/get_response_entity/provider_entity.dart
DA:10,0
DA:18,0
DA:19,0
DA:20,0
DA:21,0
DA:22,0
DA:23,0
DA:24,0
LF:8
LH:0
end_of_record
SF:lib/features/seeker_home/presentation/blocs/seeker_dashboard_bloc/seeker_home_bloc.dart
DA:22,0
DA:23,0
DA:27,0
DA:43,0
DA:44,0
DA:45,0
DA:47,0
DA:49,0
DA:50,0
DA:51,0
DA:52,0
DA:53,0
DA:55,0
DA:56,0
DA:57,0
DA:60,0
DA:62,0
DA:64,0
DA:66,0
DA:68,0
DA:69,0
LF:21
LH:0
end_of_record
SF:lib/features/seeker_home/presentation/blocs/seeker_dashboard_bloc/seeker_home_event.dart
DA:7,0
DA:9,0
DA:10,0
DA:18,0
DA:23,0
DA:24,0
LF:6
LH:0
end_of_record
SF:lib/features/seeker_home/presentation/blocs/seeker_dashboard_bloc/seeker_home_state.dart
DA:16,0
DA:18,0
DA:19,0
DA:31,0
DA:37,0
DA:38,0
DA:41,0
DA:46,0
DA:47,0
DA:48,0
DA:49,0
LF:11
LH:0
end_of_record
SF:lib/features/wallet/domain/entities/previous_consent_entity.dart
DA:17,4
DA:32,2
DA:33,2
DA:34,2
DA:35,2
DA:36,2
DA:37,2
DA:38,2
DA:39,2
DA:40,2
DA:41,4
DA:42,2
DA:43,2
DA:44,2
DA:45,2
DA:49,1
DA:50,1
DA:51,1
DA:52,1
DA:53,1
DA:54,1
DA:55,1
DA:56,1
DA:57,1
DA:58,2
DA:59,1
DA:60,1
DA:61,1
DA:62,1
DA:71,4
DA:76,2
DA:77,2
DA:78,2
DA:79,4
DA:83,1
DA:84,1
DA:85,1
DA:86,2
LF:38
LH:38
end_of_record
SF:lib/features/wallet/domain/entities/shared_data_entity.dart
DA:17,5
DA:34,2
DA:35,2
DA:36,2
DA:37,2
DA:38,2
DA:39,2
DA:40,2
DA:41,2
DA:42,2
DA:43,4
DA:44,2
DA:45,2
DA:46,2
DA:47,2
DA:48,4
DA:49,4
DA:53,1
DA:54,1
DA:55,1
DA:56,1
DA:57,1
DA:58,1
DA:59,1
DA:60,1
DA:61,1
DA:62,2
DA:63,1
DA:64,1
DA:65,1
DA:66,1
DA:67,2
DA:68,2
DA:77,5
DA:82,2
DA:83,2
DA:84,2
DA:85,4
DA:89,1
DA:90,1
DA:91,1
DA:92,2
DA:101,6
DA:106,3
DA:107,3
DA:108,3
DA:109,3
DA:112,2
DA:113,2
DA:114,2
DA:115,2
DA:128,5
DA:137,2
DA:138,2
DA:139,2
DA:140,2
DA:141,2
DA:142,2
DA:143,2
DA:144,2
DA:148,1
DA:149,1
DA:150,1
DA:151,1
DA:152,1
DA:153,1
DA:154,1
DA:155,1
DA:176,5
DA:193,2
DA:194,2
DA:195,2
DA:196,2
DA:197,2
DA:198,2
DA:199,2
DA:200,2
DA:201,4
DA:202,2
DA:203,2
DA:204,2
DA:205,2
DA:206,2
DA:207,2
DA:208,2
DA:212,1
DA:213,1
DA:214,1
DA:215,1
DA:216,1
DA:217,1
DA:218,1
DA:219,1
DA:220,1
DA:221,1
DA:222,1
DA:223,1
DA:224,1
DA:225,1
DA:226,1
DA:227,1
LF:101
LH:101
end_of_record
SF:lib/features/wallet/domain/entities/update_consent_entity.dart
DA:6,5
DA:12,2
DA:13,2
DA:14,2
DA:15,2
DA:16,4
DA:20,1
DA:21,1
DA:22,1
DA:23,1
DA:24,2
DA:33,5
DA:38,2
DA:39,2
DA:40,2
DA:41,2
DA:45,1
DA:46,1
DA:47,1
DA:48,1
LF:20
LH:20
end_of_record
SF:lib/features/wallet/domain/entities/wallet_add_document_entity.dart
DA:5,0
DA:6,0
DA:9,0
DA:10,0
DA:21,5
DA:31,1
DA:32,1
DA:33,1
DA:34,1
DA:35,1
DA:36,3
DA:37,1
DA:38,1
DA:39,3
DA:42,2
DA:43,1
DA:44,1
DA:45,1
DA:46,1
DA:47,1
DA:48,1
DA:49,2
LF:22
LH:18
end_of_record
SF:lib/features/wallet/domain/entities/wallet_vc_list_entity.dart
DA:8,4
DA:14,4
DA:15,4
DA:16,4
DA:17,4
DA:18,16
DA:20,4
DA:21,4
DA:22,4
DA:27,1
DA:28,1
DA:29,1
DA:30,1
DA:31,5
DA:55,8
DA:75,4
DA:76,4
DA:77,4
DA:78,4
DA:79,4
DA:80,4
DA:81,4
DA:82,4
DA:83,4
DA:84,8
DA:85,4
DA:86,4
DA:87,4
DA:88,4
DA:89,4
DA:90,4
DA:91,4
DA:92,4
DA:93,4
DA:97,1
DA:98,1
DA:99,1
DA:100,1
DA:101,1
DA:102,1
DA:103,1
DA:104,1
DA:105,1
DA:106,1
DA:107,1
DA:108,1
DA:109,1
DA:110,1
DA:111,1
DA:112,1
DA:113,1
DA:114,1
DA:115,1
DA:119,2
DA:138,2
DA:139,2
DA:140,1
DA:141,2
DA:142,2
DA:143,2
DA:144,2
DA:145,2
DA:146,1
DA:147,1
DA:148,2
DA:149,2
DA:150,2
DA:151,2
DA:152,2
DA:153,2
DA:154,2
DA:155,0
DA:159,2
DA:160,2
DA:161,2
DA:162,2
DA:163,2
DA:164,2
DA:165,2
DA:166,2
DA:167,2
DA:168,2
DA:169,2
DA:170,2
DA:171,2
DA:172,2
DA:173,2
DA:174,2
DA:175,2
DA:176,2
DA:177,2
LF:91
LH:90
end_of_record
SF:lib/features/wallet/presentation/blocs/enter_mpin_bloc/enter_mpin_state.dart
DA:6,1
DA:8,1
DA:9,1
DA:31,1
DA:33,1
DA:34,2
LF:6
LH:6
end_of_record
SF:lib/features/wallet/presentation/blocs/enter_mpin_bloc/enter_mpin_bloc.dart
DA:16,3
DA:17,2
DA:18,2
DA:19,2
DA:22,1
DA:23,3
DA:24,2
DA:25,2
DA:26,3
DA:27,2
DA:31,1
DA:33,2
DA:36,3
DA:40,2
DA:45,4
DA:50,1
DA:51,2
LF:17
LH:17
end_of_record
SF:lib/features/wallet/presentation/blocs/enter_mpin_bloc/enter_mpin_event.dart
DA:6,65
DA:13,1
DA:20,1
DA:25,65
LF:4
LH:4
end_of_record
SF:lib/features/wallet/presentation/blocs/share_doc_vc_bloc/share_doc_vc_state.dart
DA:8,2
DA:12,1
DA:13,1
DA:25,2
DA:34,1
DA:35,7
DA:38,1
DA:46,1
DA:47,1
DA:48,1
DA:49,1
DA:50,0
DA:51,1
DA:52,1
LF:14
LH:13
end_of_record
SF:lib/features/wallet/presentation/blocs/share_doc_vc_bloc/share_doc_vc_event.dart
DA:8,2
DA:16,1
DA:24,2
DA:32,1
LF:4
LH:4
end_of_record
SF:lib/features/wallet/presentation/blocs/share_doc_vc_bloc/share_doc_vc_bloc.dart
DA:26,1
DA:30,2
DA:31,2
DA:32,2
DA:33,2
DA:34,2
DA:35,2
DA:36,2
DA:40,1
DA:42,2
DA:46,1
DA:49,2
DA:50,2
DA:51,1
DA:53,1
DA:55,2
DA:56,4
DA:58,2
DA:59,1
DA:61,3
DA:63,2
DA:68,1
DA:70,1
DA:71,1
DA:73,1
DA:74,1
DA:76,0
DA:78,0
DA:79,0
DA:81,0
DA:83,0
DA:84,0
DA:88,0
DA:92,2
DA:93,2
DA:94,1
DA:95,1
DA:98,0
DA:99,0
DA:104,1
DA:106,2
DA:109,1
DA:110,1
DA:115,1
DA:117,2
DA:118,1
DA:119,2
DA:120,1
DA:121,4
DA:123,4
DA:125,0
DA:126,0
DA:129,0
DA:130,0
DA:136,2
DA:138,1
DA:139,3
DA:142,2
DA:144,2
DA:145,3
DA:146,0
DA:147,0
DA:148,0
DA:149,2
DA:151,1
DA:154,2
DA:155,1
DA:158,1
DA:159,2
DA:164,1
DA:165,2
DA:166,1
DA:167,0
DA:168,1
DA:169,1
DA:170,0
DA:171,0
DA:173,0
LF:78
LH:58
end_of_record
SF:lib/features/wallet/presentation/blocs/wallet_vc_bloc/wallet_vc_bloc.dart
DA:20,3
DA:21,2
DA:22,2
DA:23,2
DA:24,2
DA:25,2
DA:29,1
DA:33,1
DA:34,2
DA:37,2
DA:38,1
DA:39,2
DA:41,3
DA:46,1
DA:50,2
DA:51,2
DA:52,2
DA:53,0
DA:54,0
DA:55,0
DA:56,0
DA:57,0
DA:58,0
DA:61,0
DA:62,0
DA:63,0
DA:64,2
DA:65,3
DA:66,3
DA:67,2
DA:68,4
DA:69,3
DA:70,2
DA:73,1
DA:74,2
DA:75,1
DA:76,2
DA:77,1
DA:78,2
DA:81,2
DA:82,1
DA:83,1
DA:86,2
DA:87,2
DA:93,1
DA:97,1
DA:99,3
DA:100,0
DA:102,3
DA:107,1
DA:111,2
DA:112,1
DA:113,5
DA:114,2
DA:115,3
DA:120,1
DA:122,2
DA:123,2
DA:124,0
DA:125,0
DA:127,3
DA:130,2
DA:131,2
DA:132,5
DA:133,2
DA:137,2
DA:138,1
DA:143,2
DA:144,2
DA:145,1
LF:70
LH:58
end_of_record
SF:lib/features/wallet/presentation/blocs/wallet_vc_bloc/wallet_vc_event.dart
DA:3,2
DA:13,1
DA:23,1
DA:31,1
DA:35,1
LF:5
LH:5
end_of_record
SF:lib/features/wallet/presentation/blocs/wallet_vc_bloc/wallet_vc_state.dart
DA:6,66
DA:8,1
DA:9,1
DA:16,65
DA:23,2
DA:27,1
DA:28,1
DA:29,1
DA:36,2
DA:40,1
DA:41,2
DA:48,1
DA:57,2
DA:61,1
DA:62,2
DA:69,2
DA:74,1
DA:75,3
LF:18
LH:18
end_of_record
SF:lib/features/wallet/presentation/widgets/enter_mpin_dialog.dart
DA:29,0
DA:35,0
DA:36,0
DA:43,0
DA:46,0
DA:47,0
DA:50,0
DA:52,0
DA:53,0
DA:54,0
DA:60,0
DA:61,0
DA:62,0
DA:64,0
DA:66,0
DA:68,0
DA:69,0
DA:70,0
DA:74,0
DA:75,0
DA:76,0
DA:79,0
DA:81,0
DA:82,0
DA:83,0
DA:86,0
DA:88,0
DA:90,0
DA:91,0
DA:94,0
DA:95,0
DA:97,0
DA:99,0
DA:100,0
DA:102,0
DA:103,0
DA:104,0
DA:105,0
DA:106,0
DA:110,0
DA:111,0
DA:115,0
DA:116,0
DA:117,0
DA:119,0
DA:120,0
DA:123,0
DA:124,0
DA:127,0
DA:129,0
DA:130,0
DA:131,0
DA:132,0
DA:133,0
DA:134,0
DA:135,0
DA:139,0
DA:140,0
DA:143,0
DA:144,0
LF:60
LH:0
end_of_record
SF:lib/utils/extensions/font_style/button_styles.dart
DA:5,0
DA:9,0
DA:13,0
DA:17,0
DA:21,0
DA:25,0
DA:29,0
DA:33,0
DA:37,0
DA:41,0
DA:45,0
DA:49,0
DA:53,0
DA:57,0
DA:59,0
DA:64,0
DA:68,0
DA:72,0
DA:76,0
LF:19
LH:0
end_of_record
SF:lib/utils/extensions/font_style/text_span_styles.dart
DA:5,0
DA:10,0
DA:12,0
DA:13,0
DA:18,0
DA:23,0
DA:25,0
DA:26,0
LF:8
LH:0
end_of_record
SF:lib/utils/extensions/font_style/title_styles.dart
DA:5,0
DA:9,0
DA:11,0
DA:12,0
DA:17,0
DA:21,0
DA:23,0
DA:24,0
DA:29,0
DA:33,0
DA:35,0
DA:36,0
DA:41,0
DA:42,0
DA:47,0
DA:48,0
DA:56,0
DA:57,0
DA:62,0
DA:63,0
DA:68,0
DA:69,0
DA:74,0
DA:75,0
DA:80,0
DA:88,0
DA:89,0
DA:90,0
DA:96,0
DA:101,0
DA:103,0
DA:104,0
DA:111,0
DA:112,0
DA:117,0
DA:118,0
DA:125,0
DA:131,0
DA:133,0
DA:134,0
DA:140,0
DA:141,0
DA:144,0
DA:145,0
LF:44
LH:0
end_of_record
SF:lib/utils/extensions/padding.dart
DA:4,0
DA:10,0
DA:11,0
DA:21,0
DA:25,0
DA:26,0
DA:31,0
DA:34,0
DA:35,0
LF:9
LH:0
end_of_record
SF:lib/utils/widgets/build_button.dart
DA:52,0
DA:72,0
DA:74,0
DA:75,0
DA:76,0
DA:77,0
DA:78,0
DA:79,0
DA:80,0
DA:81,0
DA:82,0
DA:83,0
DA:88,0
DA:89,0
DA:90,0
DA:91,0
DA:100,0
DA:102,0
DA:103,0
DA:104,0
DA:107,0
DA:110,0
DA:111,0
DA:112,0
DA:116,0
DA:117,0
DA:118,0
DA:120,0
DA:121,0
DA:122,0
DA:127,0
DA:128,0
DA:129,0
DA:136,0
DA:141,0
DA:143,0
DA:144,0
DA:149,0
DA:150,0
DA:151,0
LF:40
LH:0
end_of_record
SF:lib/utils/widgets/top_header_for_dialogs.dart
DA:12,0
DA:14,0
DA:16,0
DA:19,0
DA:21,0
DA:24,0
DA:25,0
DA:27,0
DA:28,0
DA:29,0
DA:30,0
DA:31,0
DA:34,0
DA:35,0
DA:40,0
DA:43,0
DA:44,0
DA:46,0
DA:50,0
LF:19
LH:0
end_of_record
SF:lib/utils/circluar_button.dart
DA:15,0
DA:59,0
DA:62,0
DA:63,0
DA:64,0
DA:68,0
DA:69,0
DA:70,0
DA:71,0
DA:75,0
DA:76,0
DA:77,0
DA:84,0
DA:85,0
LF:14
LH:0
end_of_record
SF:lib/utils/widgets/blur_widget.dart
DA:6,0
DA:7,0
DA:8,0
DA:10,0
DA:11,0
DA:12,0
DA:13,0
DA:14,0
LF:8
LH:0
end_of_record
SF:lib/utils/extensions/color/color.dart
DA:4,0
DA:5,0
LF:2
LH:0
end_of_record
SF:lib/utils/extensions/widget_animations.dart
DA:5,0
DA:6,0
DA:11,0
DA:12,0
DA:15,0
DA:16,0
DA:19,0
DA:20,0
DA:23,0
DA:24,0
DA:27,0
DA:28,0
LF:12
LH:0
end_of_record
SF:lib/features/apply_course/domain/entities/post_request_entity/select_post_entity.dart
DA:10,1
DA:18,1
DA:19,2
DA:20,1
DA:21,1
DA:22,1
DA:23,1
DA:24,1
LF:8
LH:8
end_of_record
SF:lib/const/local_storage/pref_const_key.dart
LF:0
LH:0
end_of_record
SF:lib/features/home/presentation/bloc/home_state.dart
DA:7,1
DA:10,1
DA:11,1
DA:32,1
DA:34,1
DA:35,2
LF:6
LH:6
end_of_record
SF:lib/features/home/presentation/bloc/home_bloc.dart
DA:19,3
DA:21,2
DA:23,2
DA:34,1
DA:36,2
DA:38,2
DA:41,2
DA:43,2
DA:46,2
DA:54,1
DA:56,2
LF:11
LH:11
end_of_record
SF:lib/features/home/presentation/bloc/home_event.dart
DA:12,1
DA:14,0
DA:15,0
DA:20,1
DA:26,1
LF:5
LH:3
end_of_record
SF:lib/features/walk_through/data/models/walk_through_model.dart
DA:5,1
LF:1
LH:1
end_of_record
SF:lib/features/on_boarding/presentation/blocs/select_role_bloc/select_role_bloc.dart
DA:23,1
DA:25,2
DA:26,2
DA:27,2
DA:28,2
DA:29,2
DA:33,1
DA:37,2
DA:38,2
DA:39,1
DA:41,2
DA:42,1
DA:43,2
DA:46,2
DA:47,1
DA:52,1
DA:54,1
DA:57,3
DA:58,3
DA:60,1
DA:61,1
DA:64,2
DA:65,1
DA:67,2
DA:71,2
DA:72,1
DA:74,1
DA:77,2
DA:78,1
DA:82,1
DA:85,2
DA:87,4
DA:88,1
DA:89,1
DA:90,1
DA:91,1
DA:93,1
DA:94,3
DA:95,1
DA:96,1
DA:98,2
DA:101,1
DA:102,2
DA:103,2
DA:105,0
DA:108,0
LF:46
LH:44
end_of_record
SF:lib/features/on_boarding/presentation/blocs/select_role_bloc/select_role_event.dart
DA:3,2
DA:8,1
DA:15,1
LF:3
LH:3
end_of_record
SF:lib/features/on_boarding/presentation/blocs/select_role_bloc/select_role_state.dart
DA:9,2
DA:11,1
DA:12,1
DA:23,2
DA:26,1
DA:27,2
DA:35,2
DA:40,1
DA:41,3
LF:9
LH:9
end_of_record
SF:lib/features/on_boarding/presentation/blocs/otp_bloc/otp_event.dart
DA:4,2
DA:12,1
DA:21,1
DA:28,1
DA:32,2
DA:39,1
LF:6
LH:6
end_of_record
SF:lib/features/on_boarding/presentation/blocs/otp_bloc/otp_state.dart
DA:4,3
DA:6,1
DA:7,1
DA:29,3
DA:31,1
DA:32,2
LF:6
LH:6
end_of_record
SF:lib/features/on_boarding/presentation/blocs/otp_bloc/otp_bloc.dart
DA:25,1
DA:26,2
DA:27,2
DA:28,2
DA:29,2
DA:30,2
DA:31,2
DA:34,1
DA:35,2
DA:36,2
DA:37,2
DA:38,1
DA:41,1
DA:42,3
DA:43,2
DA:44,2
DA:45,3
DA:46,2
DA:50,1
DA:51,2
DA:53,1
DA:54,2
DA:56,1
DA:57,2
DA:58,2
DA:60,1
DA:63,2
DA:65,1
DA:67,4
DA:72,1
DA:73,2
DA:74,1
DA:75,2
DA:78,2
DA:79,1
DA:80,2
DA:82,4
DA:100,1
DA:102,2
DA:104,2
DA:108,1
DA:109,1
DA:110,1
DA:112,2
DA:113,1
DA:114,1
DA:115,2
DA:117,1
DA:118,1
DA:119,5
DA:120,1
DA:121,1
DA:122,1
DA:125,1
DA:127,5
DA:129,1
DA:130,1
DA:134,1
DA:135,2
DA:137,1
DA:138,1
DA:139,1
DA:141,1
DA:142,1
DA:143,1
DA:145,2
DA:147,4
LF:67
LH:67
end_of_record
SF:lib/features/on_boarding/presentation/blocs/kyc_bloc/kyc_state.dart
DA:4,2
DA:6,1
DA:7,1
DA:24,0
DA:26,0
DA:30,0
DA:31,0
DA:32,0
DA:38,2
DA:52,1
DA:54,1
DA:55,2
LF:12
LH:7
end_of_record
SF:lib/features/on_boarding/presentation/blocs/kyc_bloc/kyc_event.dart
DA:4,2
DA:8,1
DA:12,0
DA:18,0
DA:22,2
DA:26,1
DA:30,1
DA:35,0
LF:8
LH:5
end_of_record
SF:lib/features/on_boarding/presentation/blocs/kyc_bloc/kyc_bloc.dart
DA:22,3
DA:24,2
DA:25,2
DA:26,2
DA:27,2
DA:28,2
DA:29,2
DA:30,2
DA:36,1
DA:39,2
DA:41,2
DA:45,0
DA:50,0
DA:52,0
DA:53,0
DA:56,1
DA:59,2
DA:61,2
DA:66,0
DA:71,0
DA:74,0
DA:76,0
DA:80,0
DA:85,0
DA:87,0
DA:89,0
DA:91,0
DA:92,0
DA:93,0
DA:94,0
DA:96,0
DA:98,0
DA:100,0
DA:102,0
DA:104,0
DA:105,0
DA:108,0
DA:113,1
DA:116,2
DA:119,2
DA:120,1
DA:122,2
DA:124,2
DA:130,3
DA:155,0
DA:157,0
LF:46
LH:21
end_of_record
SF:lib/features/on_boarding/presentation/blocs/kyc_bloc_belem/kyc_event_belem.dart
DA:4,2
DA:6,0
DA:7,0
DA:11,1
DA:16,1
DA:17,0
DA:18,0
DA:22,0
DA:28,1
DA:32,2
DA:38,0
DA:42,2
DA:46,1
DA:50,1
LF:14
LH:8
end_of_record
SF:lib/features/on_boarding/presentation/blocs/kyc_bloc_belem/kyc_bloc_belem.dart
DA:21,3
DA:23,2
DA:24,2
DA:25,2
DA:26,2
DA:27,2
DA:28,2
DA:29,2
DA:30,2
DA:31,2
DA:37,1
DA:40,2
DA:42,2
DA:46,0
DA:51,1
DA:53,3
DA:57,0
DA:62,1
DA:65,2
DA:67,2
DA:72,0
DA:77,1
DA:80,2
DA:82,2
DA:86,0
DA:91,0
DA:95,0
DA:97,0
DA:98,0
DA:99,0
DA:100,0
DA:102,0
DA:104,0
DA:106,0
DA:108,0
DA:110,0
DA:111,0
DA:114,0
DA:119,1
DA:122,2
DA:125,2
DA:126,1
DA:128,2
DA:130,2
DA:136,3
DA:161,1
DA:163,3
DA:166,1
DA:168,2
LF:49
LH:32
end_of_record
SF:lib/features/on_boarding/presentation/blocs/kyc_bloc_belem/kyc_state_belem.dart
DA:4,2
DA:6,1
DA:7,1
DA:15,1
DA:17,1
DA:18,2
DA:35,2
DA:37,0
DA:41,0
DA:42,0
DA:43,0
DA:49,2
LF:12
LH:8
end_of_record
SF:lib/features/on_boarding/presentation/blocs/phone_bloc/phone_event.dart
DA:4,1
DA:11,1
DA:19,1
DA:23,1
LF:4
LH:4
end_of_record
SF:lib/features/on_boarding/presentation/blocs/phone_bloc/phone_state.dart
DA:4,2
DA:6,1
DA:7,1
DA:22,2
DA:28,2
LF:5
LH:5
end_of_record
SF:lib/features/on_boarding/presentation/blocs/phone_bloc/phone_bloc.dart
DA:23,1
DA:25,2
DA:26,2
DA:27,2
DA:28,2
DA:29,2
DA:32,1
DA:34,2
DA:37,1
DA:38,3
DA:39,2
DA:41,2
DA:46,1
DA:47,2
DA:48,1
DA:49,1
DA:51,1
DA:52,4
DA:54,1
DA:56,5
DA:58,2
DA:59,2
DA:60,3
DA:62,4
DA:66,0
DA:68,0
DA:72,1
DA:73,1
DA:74,4
DA:76,1
LF:30
LH:28
end_of_record
SF:lib/features/on_boarding/presentation/blocs/mpin_bloc/mpin_state.dart
DA:4,3
DA:6,1
DA:7,1
DA:11,2
DA:13,1
DA:18,2
DA:22,3
DA:27,3
DA:32,3
DA:36,2
DA:41,3
LF:11
LH:11
end_of_record
SF:lib/features/on_boarding/presentation/blocs/mpin_bloc/mpin_bloc.dart
DA:15,2
DA:16,2
DA:17,2
DA:18,2
DA:19,2
DA:21,1
DA:22,6
DA:23,1
DA:25,1
DA:29,1
DA:30,3
DA:33,1
DA:34,3
DA:35,2
DA:37,3
DA:42,1
DA:44,1
DA:47,2
DA:51,2
DA:56,4
DA:61,1
DA:62,1
LF:22
LH:22
end_of_record
SF:lib/features/on_boarding/presentation/blocs/mpin_bloc/mpin_event.dart
DA:4,1
DA:6,0
DA:7,0
DA:11,1
DA:18,1
DA:24,1
DA:31,1
LF:7
LH:5
end_of_record
SF:lib/features/wallet/presentation/blocs/update_consent_dialog_bloc/update_consent_dialog_bloc.dart
DA:12,3
DA:13,2
DA:14,2
DA:18,1
DA:19,2
DA:20,4
DA:22,0
DA:23,0
DA:28,1
DA:30,2
DA:31,4
DA:34,2
DA:35,2
DA:37,0
DA:40,4
LF:15
LH:12
end_of_record
SF:lib/features/wallet/presentation/blocs/update_consent_dialog_bloc/update_consent_dialog_event.dart
DA:5,2
DA:10,1
DA:18,1
LF:3
LH:3
end_of_record
SF:lib/features/wallet/presentation/blocs/update_consent_dialog_bloc/update_consent_dialog_state.dart
DA:5,2
DA:7,1
DA:8,1
DA:13,1
DA:14,1
DA:22,2
DA:24,0
DA:28,0
DA:29,0
DA:30,0
DA:34,1
DA:35,3
DA:42,1
DA:46,1
DA:47,2
DA:55,1
DA:56,1
LF:17
LH:13
end_of_record
SF:lib/features/wallet/presentation/blocs/my_consent_bloc/my_consent_bloc.dart
DA:13,3
DA:15,2
DA:16,2
DA:20,1
DA:24,1
DA:26,2
DA:27,2
DA:28,2
DA:31,4
DA:36,1
DA:37,1
DA:39,3
DA:41,2
DA:43,0
DA:46,3
LF:15
LH:14
end_of_record
SF:lib/features/wallet/presentation/blocs/my_consent_bloc/my_consent_event.dart
DA:5,2
DA:10,1
DA:17,1
LF:3
LH:3
end_of_record
SF:lib/features/wallet/presentation/blocs/my_consent_bloc/my_consent_state.dart
DA:7,3
DA:9,1
DA:10,1
DA:19,2
DA:21,1
DA:22,2
DA:31,1
DA:37,1
DA:38,3
DA:46,1
DA:51,1
DA:52,3
DA:59,1
DA:63,1
DA:64,2
LF:15
LH:15
end_of_record
SF:lib/features/wallet/presentation/blocs/add_document_bloc/add_document_bloc.dart
DA:32,1
DA:36,2
DA:37,2
DA:38,2
DA:39,2
DA:40,2
DA:41,2
DA:42,2
DA:43,2
DA:47,0
DA:49,0
DA:50,0
DA:51,0
DA:52,0
DA:56,1
DA:58,1
DA:59,2
DA:63,1
DA:66,2
DA:67,2
DA:70,5
DA:71,2
DA:72,1
DA:73,1
DA:75,2
DA:76,1
DA:77,1
DA:81,0
DA:86,1
DA:88,2
DA:91,3
DA:92,0
DA:93,0
DA:94,0
DA:99,3
DA:100,1
DA:101,3
DA:102,1
DA:103,1
DA:108,2
DA:109,1
DA:110,1
DA:114,1
DA:116,2
DA:119,3
DA:120,3
DA:121,1
DA:122,1
DA:127,2
DA:128,1
DA:129,1
DA:133,1
DA:134,2
DA:135,0
DA:136,0
DA:137,0
DA:138,0
DA:144,1
DA:146,2
DA:149,1
DA:150,1
DA:151,1
DA:152,1
DA:153,1
DA:155,1
DA:160,2
DA:161,1
DA:162,1
DA:163,2
DA:165,2
LF:70
LH:57
end_of_record
SF:lib/features/wallet/presentation/blocs/add_document_bloc/add_document_event.dart
DA:5,2
DA:10,0
DA:18,1
DA:28,1
DA:43,2
LF:5
LH:4
end_of_record
SF:lib/features/wallet/presentation/blocs/add_document_bloc/add_document_state.dart
DA:5,2
DA:7,1
DA:8,1
DA:21,0
DA:31,2
DA:33,1
DA:34,2
DA:44,2
DA:46,1
DA:47,2
DA:68,0
DA:75,0
LF:12
LH:9
end_of_record
SF:lib/features/wallet/presentation/blocs/wallet_bloc/wallet_bloc.dart
DA:11,1
DA:13,1
DA:16,1
DA:17,2
DA:21,1
DA:22,3
LF:6
LH:6
end_of_record
SF:lib/features/wallet/presentation/blocs/wallet_bloc/wallet_state.dart
DA:8,3
DA:11,1
DA:12,1
DA:15,1
DA:16,2
LF:5
LH:5
end_of_record
SF:lib/features/seeker_dashboard/domain/entities/courses_entity.dart
DA:7,1
DA:14,1
DA:15,1
DA:16,1
DA:17,1
DA:18,1
DA:19,1
DA:23,1
DA:24,1
DA:25,2
DA:26,2
DA:27,2
DA:28,2
LF:13
LH:13
end_of_record
SF:lib/features/seeker_dashboard/domain/entities/seeker_entity.dart
DA:6,1
DA:12,1
DA:13,1
DA:14,1
DA:15,1
DA:16,1
DA:20,1
DA:21,1
DA:22,2
DA:23,2
DA:24,2
LF:11
LH:11
end_of_record
