SF:lib/features/on_boarding/data/repositories/on_boarding_repository_impl.dart
DA:11,1
DA:17,1
DA:19,2
DA:20,2
DA:22,1
DA:26,1
DA:28,2
DA:29,2
DA:31,1
DA:35,1
DA:37,2
DA:38,2
DA:40,1
DA:44,1
DA:46,2
DA:47,2
DA:49,1
DA:53,1
DA:55,2
DA:56,2
DA:58,1
DA:62,1
DA:64,2
DA:65,2
DA:67,1
LF:25
LH:25
end_of_record
SF:lib/features/on_boarding/domain/entities/ob_boarding_verify_otp_entity.dart
DA:4,3
DA:7,3
DA:13,6
DA:19,2
DA:20,1
DA:21,1
DA:25,2
DA:26,2
DA:27,2
DA:28,2
LF:10
LH:10
end_of_record
SF:lib/features/on_boarding/domain/entities/on_boarding_assign_role_entity.dart
DA:4,3
DA:7,3
DA:12,5
DA:17,2
DA:18,1
DA:22,1
DA:23,1
DA:24,1
LF:8
LH:8
end_of_record
SF:lib/features/on_boarding/domain/entities/on_boarding_send_otp_entity.dart
DA:4,3
DA:7,3
DA:12,7
DA:17,2
DA:18,1
DA:22,2
DA:23,2
DA:24,2
LF:8
LH:8
end_of_record
SF:lib/features/on_boarding/domain/entities/on_boarding_user_role_entity.dart
DA:13,5
DA:25,4
DA:26,2
DA:27,2
DA:28,2
DA:29,2
DA:30,2
DA:31,2
DA:32,2
DA:33,2
DA:37,2
DA:38,1
DA:39,1
DA:40,1
DA:41,1
DA:42,1
DA:43,1
DA:44,1
DA:45,1
DA:50,1
DA:51,2
DA:54,3
LF:22
LH:22
end_of_record
SF:lib/const/local_storage/shared_preferences_helper.dart
DA:6,0
DA:8,0
DA:9,0
DA:10,0
DA:12,0
DA:19,0
DA:20,0
DA:23,0
DA:24,0
DA:27,0
DA:28,0
DA:31,0
DA:32,0
LF:13
LH:0
end_of_record
SF:lib/core/connection/network_info.dart
DA:10,0
DA:12,0
DA:14,0
DA:16,0
DA:17,0
DA:18,0
LF:6
LH:0
end_of_record
SF:lib/features/on_boarding/data/data_sources/on_boarding_remote.dart
DA:30,1
DA:37,1
DA:40,2
DA:43,3
DA:46,2
DA:49,1
DA:54,1
DA:55,2
DA:58,4
DA:61,3
DA:63,2
DA:67,1
DA:70,2
DA:73,2
DA:76,2
DA:79,1
DA:84,0
DA:86,0
DA:87,0
DA:91,0
DA:92,0
DA:95,0
DA:96,0
DA:97,0
DA:98,0
DA:99,0
DA:101,0
DA:102,0
DA:103,0
DA:104,0
DA:108,3
DA:110,2
DA:114,1
DA:116,1
DA:117,0
DA:118,2
DA:120,1
DA:123,2
DA:125,1
DA:126,1
DA:132,2
DA:134,0
DA:135,0
DA:139,1
DA:140,2
DA:143,1
DA:144,2
DA:145,3
DA:146,2
DA:147,3
DA:149,0
DA:150,0
DA:151,0
DA:152,0
DA:156,3
DA:158,2
DA:162,0
DA:165,0
DA:168,0
DA:172,0
DA:173,0
DA:175,0
DA:178,0
DA:181,0
DA:186,0
DA:188,0
DA:193,0
DA:194,0
DA:195,0
DA:196,0
DA:198,0
DA:202,0
DA:205,0
DA:209,1
DA:212,1
DA:213,0
DA:214,2
DA:220,2
DA:222,1
DA:223,1
DA:229,2
DA:230,2
DA:232,3
DA:233,1
DA:235,0
DA:236,0
DA:237,0
DA:238,0
DA:240,0
DA:244,2
DA:246,2
DA:250,1
DA:253,1
DA:254,0
DA:255,2
DA:260,2
DA:262,1
DA:264,1
DA:270,2
DA:272,3
DA:277,0
DA:278,0
DA:279,0
DA:280,0
DA:282,0
DA:286,2
DA:292,1
DA:295,1
DA:297,0
DA:298,0
DA:302,0
DA:306,0
DA:311,0
DA:315,0
DA:317,0
DA:319,0
DA:321,0
DA:325,0
DA:329,0
LF:119
LH:58
end_of_record
SF:lib/features/on_boarding/domain/usecase/on_boarding_usecase.dart
DA:13,1
DA:15,1
DA:17,2
DA:20,1
DA:21,2
DA:24,1
DA:25,2
DA:28,1
DA:29,2
DA:32,1
DA:33,2
DA:36,1
DA:37,2
LF:13
LH:13
end_of_record
SF:lib/core/dependency_injection.dart
DA:12,0
DA:14,0
DA:16,0
DA:18,0
DA:19,0
DA:22,0
DA:25,0
DA:28,0
DA:29,0
DA:30,0
DA:34,0
LF:11
LH:0
end_of_record
SF:lib/features/on_boarding/data/models/select_wallet_type_model.dart
DA:4,1
DA:11,1
DA:12,1
DA:13,1
DA:14,1
DA:15,1
LF:6
LH:6
end_of_record
SF:lib/features/on_boarding/domain/entities/select_wallet_type_entity.dart
DA:12,2
DA:14,2
DA:15,1
DA:16,1
DA:17,1
LF:5
LH:5
end_of_record
SF:lib/features/on_boarding/data/models/on_boarding_user_role_model.dart
DA:5,1
DA:17,2
DA:18,1
DA:19,1
DA:20,1
DA:21,1
DA:22,1
DA:23,1
DA:24,1
DA:25,1
DA:29,1
DA:30,1
DA:31,1
DA:32,1
DA:33,1
DA:34,1
DA:35,1
DA:36,1
DA:37,1
DA:38,1
LF:20
LH:20
end_of_record
SF:lib/features/on_boarding/data/models/onboarding_send_otp_model.dart
DA:5,1
DA:10,2
DA:11,1
DA:15,1
DA:17,1
DA:18,1
LF:6
LH:6
end_of_record
SF:lib/features/on_boarding/data/models/onboarding_model.dart
DA:5,1
DA:11,2
DA:12,1
DA:13,1
DA:17,1
DA:19,1
DA:20,1
DA:21,1
LF:8
LH:8
end_of_record
SF:lib/features/on_boarding/domain/entities/on_boarding_entity.dart
DA:4,3
DA:7,3
DA:13,2
DA:19,2
DA:20,1
DA:21,1
DA:25,1
DA:26,1
DA:27,1
DA:28,1
LF:10
LH:10
end_of_record
SF:lib/features/on_boarding/data/models/on_boarding_verify_otp_model.dart
DA:5,1
DA:11,2
DA:12,1
DA:13,1
DA:17,1
DA:19,1
DA:20,1
DA:21,1
LF:8
LH:8
end_of_record
SF:lib/features/on_boarding/data/models/on_boarding_assign_role_model.dart
DA:7,1
DA:12,2
DA:13,1
DA:17,1
DA:19,1
DA:20,1
LF:6
LH:6
end_of_record
SF:lib/const/app_state.dart
DA:4,0
DA:6,0
DA:8,0
DA:10,0
DA:12,0
LF:5
LH:0
end_of_record
SF:lib/features/on_boarding/presentation/blocs/select_role_bloc/select_role_bloc.dart
DA:16,3
DA:17,2
DA:18,2
DA:22,1
DA:26,1
DA:28,2
DA:29,2
DA:32,2
DA:33,1
DA:38,1
DA:41,1
DA:42,0
DA:43,0
DA:50,1
DA:51,3
DA:55,2
DA:57,0
DA:60,2
DA:61,1
LF:19
LH:16
end_of_record
SF:lib/features/on_boarding/presentation/blocs/select_role_bloc/select_role_event.dart
DA:7,2
DA:9,0
DA:10,0
DA:15,1
DA:22,1
LF:5
LH:3
end_of_record
SF:lib/features/on_boarding/presentation/blocs/select_role_bloc/select_role_state.dart
DA:7,3
DA:9,1
DA:10,1
DA:20,2
DA:22,1
DA:23,2
DA:31,1
DA:36,1
DA:37,3
DA:45,2
DA:50,1
DA:51,3
LF:12
LH:12
end_of_record
SF:lib/features/on_boarding/presentation/blocs/kyc_bloc/kyc_event.dart
DA:4,1
DA:6,0
DA:7,0
DA:11,1
LF:4
LH:2
end_of_record
SF:lib/features/on_boarding/presentation/blocs/kyc_bloc/kyc_bloc.dart
DA:12,3
DA:14,2
DA:18,1
DA:21,2
DA:24,2
DA:27,4
DA:31,3
LF:7
LH:7
end_of_record
SF:lib/features/on_boarding/presentation/blocs/kyc_bloc/kyc_state.dart
DA:4,1
DA:6,1
DA:7,1
DA:17,1
LF:4
LH:4
end_of_record
SF:lib/features/on_boarding/presentation/blocs/otp_bloc/otp_event.dart
DA:4,4
DA:6,0
DA:7,0
DA:14,0
DA:20,1
DA:24,0
DA:29,2
DA:33,3
DA:40,1
LF:9
LH:5
end_of_record
SF:lib/features/on_boarding/presentation/blocs/otp_bloc/otp_state.dart
DA:4,4
DA:6,1
DA:7,1
DA:29,4
DA:31,1
DA:32,2
LF:6
LH:6
end_of_record
SF:lib/features/on_boarding/presentation/blocs/otp_bloc/otp_bloc.dart
DA:19,3
DA:20,2
DA:21,2
DA:22,2
DA:23,2
DA:24,2
DA:27,0
DA:28,0
DA:29,0
DA:30,0
DA:33,1
DA:34,3
DA:35,2
DA:36,2
DA:37,3
DA:38,2
DA:42,1
DA:43,2
DA:46,5
DA:49,2
DA:51,1
DA:53,4
DA:58,1
DA:59,2
DA:60,1
DA:61,2
DA:64,2
DA:65,1
DA:66,2
DA:68,4
DA:72,1
DA:74,2
DA:76,2
DA:78,2
DA:80,4
LF:35
LH:31
end_of_record
SF:lib/config/services/app_services.dart
DA:6,0
LF:1
LH:0
end_of_record
SF:lib/utils/app_utils.dart
DA:14,0
DA:15,0
DA:18,0
DA:19,0
DA:22,0
DA:23,0
DA:27,2
DA:28,2
DA:31,0
DA:32,0
DA:34,0
DA:35,0
DA:37,0
DA:39,0
DA:40,0
DA:41,0
DA:43,0
DA:44,0
DA:46,0
DA:48,0
DA:50,0
DA:51,0
DA:52,0
DA:53,0
DA:54,0
DA:57,0
LF:26
LH:2
end_of_record
SF:lib/utils/app_dimensions.dart
DA:3,0
DA:8,0
DA:11,0
DA:12,0
LF:4
LH:0
end_of_record
SF:lib/utils/extensions/font_style/button_styles.dart
DA:5,0
DA:9,0
DA:13,0
DA:17,0
DA:21,0
DA:25,0
DA:29,0
DA:33,0
DA:37,0
DA:41,0
DA:45,0
DA:49,0
DA:53,0
DA:57,0
DA:61,0
DA:65,0
DA:69,0
DA:73,0
LF:18
LH:0
end_of_record
SF:lib/utils/extensions/font_style/text_span_styles.dart
DA:5,0
DA:9,0
DA:11,0
DA:16,0
DA:21,0
DA:23,0
DA:24,0
LF:7
LH:0
end_of_record
SF:lib/utils/extensions/font_style/title_styles.dart
DA:5,0
DA:9,0
DA:11,0
DA:12,0
DA:17,0
DA:21,0
DA:23,0
DA:24,0
DA:29,0
DA:33,0
DA:35,0
DA:36,0
DA:41,0
DA:46,0
DA:49,0
DA:50,0
DA:58,0
DA:62,0
DA:64,0
DA:65,0
DA:70,0
DA:74,0
DA:76,0
DA:77,0
DA:82,0
DA:86,0
DA:88,0
DA:89,0
DA:94,0
DA:98,0
DA:100,0
DA:101,0
DA:106,0
DA:110,0
DA:112,0
DA:113,0
LF:36
LH:0
end_of_record
SF:lib/features/on_boarding/presentation/blocs/phone_bloc/phone_event.dart
DA:4,2
DA:10,2
DA:12,0
DA:18,1
DA:22,1
LF:5
LH:4
end_of_record
SF:lib/features/on_boarding/presentation/blocs/phone_bloc/phone_state.dart
DA:4,1
DA:6,1
DA:7,1
DA:21,0
DA:30,1
DA:36,1
LF:6
LH:5
end_of_record
SF:lib/features/on_boarding/presentation/blocs/phone_bloc/phone_bloc.dart
DA:15,3
DA:16,2
DA:17,2
DA:18,2
DA:21,1
DA:23,2
DA:26,1
DA:27,3
DA:28,2
DA:30,2
DA:35,1
DA:36,2
DA:38,1
DA:39,4
DA:42,2
DA:43,2
DA:44,3
DA:46,4
DA:51,1
DA:52,1
DA:53,4
DA:55,1
LF:22
LH:22
end_of_record
